{"E:\\git\\Reutilizable\\Trabajo_Integracion_Tienda_Catalogos_art3d\\Frontend\\src\\App.js": {"path":"E:\\git\\Reutilizable\\Trabajo_Integracion_Tienda_Catalogos_art3d\\Frontend\\src\\App.js","statementMap":{"0":{"start":{"line":10,"column":2},"end":{"line":35,"column":9}},"1":{"start":{"line":11,"column":4},"end":{"line":34,"column":7}},"2":{"start":{"line":37,"column":2},"end":{"line":48,"column":4}}},"fnMap":{"0":{"name":"App","decl":{"start":{"line":9,"column":9},"end":{"line":9,"column":12}},"loc":{"start":{"line":9,"column":15},"end":{"line":49,"column":1}},"line":9},"1":{"name":"(anonymous_1)","decl":{"start":{"line":10,"column":12},"end":{"line":10,"column":13}},"loc":{"start":{"line":10,"column":18},"end":{"line":35,"column":3}},"line":10}},"branchMap":{},"s":{"0":0,"1":0,"2":0},"f":{"0":0,"1":0},"b":{}}
,"E:\\git\\Reutilizable\\Trabajo_Integracion_Tienda_Catalogos_art3d\\Frontend\\src\\index.js": {"path":"E:\\git\\Reutilizable\\Trabajo_Integracion_Tienda_Catalogos_art3d\\Frontend\\src\\index.js","statementMap":{"0":{"start":{"line":6,"column":13},"end":{"line":6,"column":65}},"1":{"start":{"line":7,"column":0},"end":{"line":11,"column":2}}},"fnMap":{},"branchMap":{},"s":{"0":0,"1":0},"f":{},"b":{}}
,"E:\\git\\Reutilizable\\Trabajo_Integracion_Tienda_Catalogos_art3d\\Frontend\\src\\Pages\\Design\\Design.js": {"path":"E:\\git\\Reutilizable\\Trabajo_Integracion_Tienda_Catalogos_art3d\\Frontend\\src\\Pages\\Design\\Design.js","statementMap":{"0":{"start":{"line":4,"column":2},"end":{"line":9,"column":4}}},"fnMap":{"0":{"name":"Diseno","decl":{"start":{"line":3,"column":9},"end":{"line":3,"column":15}},"loc":{"start":{"line":3,"column":18},"end":{"line":10,"column":1}},"line":3}},"branchMap":{},"s":{"0":0},"f":{"0":0},"b":{}}
,"E:\\git\\Reutilizable\\Trabajo_Integracion_Tienda_Catalogos_art3d\\Frontend\\src\\Pages\\Home\\Home.js": {"path":"E:\\git\\Reutilizable\\Trabajo_Integracion_Tienda_Catalogos_art3d\\Frontend\\src\\Pages\\Home\\Home.js","statementMap":{"0":{"start":{"line":9,"column":36},"end":{"line":9,"column":48}},"1":{"start":{"line":10,"column":32},"end":{"line":10,"column":46}},"2":{"start":{"line":12,"column":2},"end":{"line":34,"column":9}},"3":{"start":{"line":13,"column":29},"end":{"line":31,"column":5}},"4":{"start":{"line":14,"column":6},"end":{"line":30,"column":7}},"5":{"start":{"line":15,"column":24},"end":{"line":15,"column":53}},"6":{"start":{"line":16,"column":20},"end":{"line":16,"column":40}},"7":{"start":{"line":17,"column":21},"end":{"line":17,"column":37}},"8":{"start":{"line":18,"column":22},"end":{"line":23,"column":11}},"9":{"start":{"line":18,"column":69},"end":{"line":23,"column":9}},"10":{"start":{"line":24,"column":8},"end":{"line":24,"column":28}},"11":{"start":{"line":25,"column":8},"end":{"line":25,"column":26}},"12":{"start":{"line":27,"column":8},"end":{"line":27,"column":60}},"13":{"start":{"line":28,"column":8},"end":{"line":28,"column":25}},"14":{"start":{"line":29,"column":8},"end":{"line":29,"column":26}},"15":{"start":{"line":33,"column":4},"end":{"line":33,"column":23}},"16":{"start":{"line":36,"column":2},"end":{"line":65,"column":4}},"17":{"start":{"line":49,"column":12},"end":{"line":58,"column":14}}},"fnMap":{"0":{"name":"Home","decl":{"start":{"line":8,"column":9},"end":{"line":8,"column":13}},"loc":{"start":{"line":8,"column":16},"end":{"line":66,"column":1}},"line":8},"1":{"name":"(anonymous_1)","decl":{"start":{"line":12,"column":12},"end":{"line":12,"column":13}},"loc":{"start":{"line":12,"column":18},"end":{"line":34,"column":3}},"line":12},"2":{"name":"(anonymous_2)","decl":{"start":{"line":13,"column":29},"end":{"line":13,"column":30}},"loc":{"start":{"line":13,"column":41},"end":{"line":31,"column":5}},"line":13},"3":{"name":"(anonymous_3)","decl":{"start":{"line":18,"column":53},"end":{"line":18,"column":54}},"loc":{"start":{"line":18,"column":69},"end":{"line":23,"column":9}},"line":18},"4":{"name":"(anonymous_4)","decl":{"start":{"line":48,"column":25},"end":{"line":48,"column":26}},"loc":{"start":{"line":49,"column":12},"end":{"line":58,"column":14}},"line":49}},"branchMap":{"0":{"loc":{"start":{"line":18,"column":37},"end":{"line":18,"column":47}},"type":"binary-expr","locations":[{"start":{"line":18,"column":37},"end":{"line":18,"column":41}},{"start":{"line":18,"column":45},"end":{"line":18,"column":47}}],"line":18},"1":{"loc":{"start":{"line":42,"column":7},"end":{"line":44,"column":7}},"type":"binary-expr","locations":[{"start":{"line":42,"column":7},"end":{"line":42,"column":15}},{"start":{"line":42,"column":19},"end":{"line":42,"column":39}},{"start":{"line":43,"column":8},"end":{"line":43,"column":78}}],"line":42}},"s":{"0":0,"1":0,"2":0,"3":0,"4":0,"5":0,"6":0,"7":0,"8":0,"9":0,"10":0,"11":0,"12":0,"13":0,"14":0,"15":0,"16":0,"17":0},"f":{"0":0,"1":0,"2":0,"3":0,"4":0},"b":{"0":[0,0],"1":[0,0,0]}}
,"E:\\git\\Reutilizable\\Trabajo_Integracion_Tienda_Catalogos_art3d\\Frontend\\src\\Pages\\Products\\Products.js": {"path":"E:\\git\\Reutilizable\\Trabajo_Integracion_Tienda_Catalogos_art3d\\Frontend\\src\\Pages\\Products\\Products.js","statementMap":{},"fnMap":{},"branchMap":{},"s":{},"f":{},"b":{}}
,"E:\\git\\Reutilizable\\Trabajo_Integracion_Tienda_Catalogos_art3d\\Frontend\\src\\Pages\\admin\\CatalogoFiguras.js": {"path":"E:\\git\\Reutilizable\\Trabajo_Integracion_Tienda_Catalogos_art3d\\Frontend\\src\\Pages\\admin\\CatalogoFiguras.js","statementMap":{"0":{"start":{"line":5,"column":24},"end":{"line":452,"column":1}},"1":{"start":{"line":6,"column":24},"end":{"line":6,"column":43}},"2":{"start":{"line":7,"column":32},"end":{"line":7,"column":44}},"3":{"start":{"line":8,"column":38},"end":{"line":8,"column":118}},"4":{"start":{"line":9,"column":30},"end":{"line":9,"column":44}},"5":{"start":{"line":10,"column":34},"end":{"line":10,"column":46}},"6":{"start":{"line":11,"column":30},"end":{"line":11,"column":42}},"7":{"start":{"line":12,"column":34},"end":{"line":12,"column":46}},"8":{"start":{"line":13,"column":42},"end":{"line":13,"column":54}},"9":{"start":{"line":16,"column":0},"end":{"line":18,"column":7}},"10":{"start":{"line":17,"column":2},"end":{"line":17,"column":19}},"11":{"start":{"line":21,"column":0},"end":{"line":27,"column":13}},"12":{"start":{"line":22,"column":2},"end":{"line":26,"column":3}},"13":{"start":{"line":23,"column":19},"end":{"line":23,"column":64}},"14":{"start":{"line":24,"column":18},"end":{"line":24,"column":57}},"15":{"start":{"line":24,"column":35},"end":{"line":24,"column":48}},"16":{"start":{"line":25,"column":4},"end":{"line":25,"column":37}},"17":{"start":{"line":25,"column":17},"end":{"line":25,"column":36}},"18":{"start":{"line":30,"column":18},"end":{"line":30,"column":47}},"19":{"start":{"line":32,"column":25},"end":{"line":60,"column":3}},"20":{"start":{"line":33,"column":4},"end":{"line":37,"column":5}},"21":{"start":{"line":34,"column":6},"end":{"line":34,"column":47}},"22":{"start":{"line":35,"column":6},"end":{"line":35,"column":21}},"23":{"start":{"line":36,"column":6},"end":{"line":36,"column":13}},"24":{"start":{"line":38,"column":4},"end":{"line":59,"column":5}},"25":{"start":{"line":39,"column":18},"end":{"line":39,"column":38}},"26":{"start":{"line":40,"column":6},"end":{"line":42,"column":7}},"27":{"start":{"line":41,"column":8},"end":{"line":41,"column":59}},"28":{"start":{"line":43,"column":19},"end":{"line":43,"column":35}},"29":{"start":{"line":44,"column":18},"end":{"line":44,"column":20}},"30":{"start":{"line":45,"column":6},"end":{"line":51,"column":7}},"31":{"start":{"line":47,"column":8},"end":{"line":47,"column":81}},"32":{"start":{"line":47,"column":47},"end":{"line":47,"column":78}},"33":{"start":{"line":48,"column":13},"end":{"line":51,"column":7}},"34":{"start":{"line":50,"column":8},"end":{"line":50,"column":74}},"35":{"start":{"line":50,"column":57},"end":{"line":50,"column":71}},"36":{"start":{"line":52,"column":6},"end":{"line":52,"column":24}},"37":{"start":{"line":54,"column":6},"end":{"line":54,"column":56}},"38":{"start":{"line":55,"column":6},"end":{"line":58,"column":12}},"39":{"start":{"line":56,"column":8},"end":{"line":56,"column":46}},"40":{"start":{"line":57,"column":8},"end":{"line":57,"column":23}},"41":{"start":{"line":62,"column":33},"end":{"line":76,"column":3}},"42":{"start":{"line":63,"column":29},"end":{"line":63,"column":59}},"43":{"start":{"line":64,"column":17},"end":{"line":64,"column":31}},"44":{"start":{"line":65,"column":4},"end":{"line":65,"column":42}},"45":{"start":{"line":66,"column":4},"end":{"line":66,"column":50}},"46":{"start":{"line":67,"column":4},"end":{"line":67,"column":43}},"47":{"start":{"line":69,"column":16},"end":{"line":72,"column":6}},"48":{"start":{"line":74,"column":22},"end":{"line":74,"column":38}},"49":{"start":{"line":75,"column":4},"end":{"line":75,"column":32}},"50":{"start":{"line":78,"column":36},"end":{"line":81,"column":3}},"51":{"start":{"line":83,"column":23},"end":{"line":85,"column":3}},"52":{"start":{"line":84,"column":4},"end":{"line":84,"column":33}},"53":{"start":{"line":87,"column":22},"end":{"line":90,"column":3}},"54":{"start":{"line":88,"column":28},"end":{"line":88,"column":36}},"55":{"start":{"line":89,"column":4},"end":{"line":89,"column":58}},"56":{"start":{"line":89,"column":29},"end":{"line":89,"column":55}},"57":{"start":{"line":92,"column":28},"end":{"line":98,"column":3}},"58":{"start":{"line":93,"column":4},"end":{"line":93,"column":93}},"59":{"start":{"line":94,"column":4},"end":{"line":94,"column":24}},"60":{"start":{"line":95,"column":4},"end":{"line":95,"column":20}},"61":{"start":{"line":96,"column":4},"end":{"line":96,"column":20}},"62":{"start":{"line":100,"column":26},"end":{"line":107,"column":3}},"63":{"start":{"line":101,"column":21},"end":{"line":105,"column":5}},"64":{"start":{"line":106,"column":4},"end":{"line":106,"column":50}},"65":{"start":{"line":109,"column":31},"end":{"line":129,"column":3}},"66":{"start":{"line":110,"column":4},"end":{"line":128,"column":5}},"67":{"start":{"line":111,"column":18},"end":{"line":111,"column":49}},"68":{"start":{"line":112,"column":6},"end":{"line":117,"column":7}},"69":{"start":{"line":113,"column":8},"end":{"line":115,"column":14}},"70":{"start":{"line":114,"column":10},"end":{"line":114,"column":50}},"71":{"start":{"line":116,"column":8},"end":{"line":116,"column":15}},"72":{"start":{"line":118,"column":19},"end":{"line":118,"column":35}},"73":{"start":{"line":119,"column":6},"end":{"line":119,"column":26}},"74":{"start":{"line":120,"column":6},"end":{"line":120,"column":47}},"75":{"start":{"line":121,"column":6},"end":{"line":121,"column":22}},"76":{"start":{"line":122,"column":6},"end":{"line":122,"column":27}},"77":{"start":{"line":124,"column":6},"end":{"line":124,"column":70}},"78":{"start":{"line":125,"column":6},"end":{"line":127,"column":12}},"79":{"start":{"line":126,"column":8},"end":{"line":126,"column":48}},"80":{"start":{"line":131,"column":24},"end":{"line":163,"column":3}},"81":{"start":{"line":132,"column":4},"end":{"line":132,"column":23}},"82":{"start":{"line":133,"column":4},"end":{"line":133,"column":59}},"83":{"start":{"line":133,"column":17},"end":{"line":133,"column":59}},"84":{"start":{"line":135,"column":4},"end":{"line":162,"column":5}},"85":{"start":{"line":136,"column":24},"end":{"line":136,"column":60}},"86":{"start":{"line":137,"column":19},"end":{"line":141,"column":7}},"87":{"start":{"line":143,"column":18},"end":{"line":147,"column":8}},"88":{"start":{"line":149,"column":6},"end":{"line":158,"column":7}},"89":{"start":{"line":150,"column":23},"end":{"line":150,"column":39}},"90":{"start":{"line":151,"column":8},"end":{"line":153,"column":9}},"91":{"start":{"line":152,"column":10},"end":{"line":152,"column":57}},"92":{"start":{"line":152,"column":29},"end":{"line":152,"column":55}},"93":{"start":{"line":154,"column":8},"end":{"line":154,"column":51}},"94":{"start":{"line":155,"column":8},"end":{"line":155,"column":28}},"95":{"start":{"line":157,"column":8},"end":{"line":157,"column":45}},"96":{"start":{"line":160,"column":6},"end":{"line":160,"column":55}},"97":{"start":{"line":161,"column":6},"end":{"line":161,"column":43}},"98":{"start":{"line":165,"column":25},"end":{"line":210,"column":1}},"99":{"start":{"line":166,"column":2},"end":{"line":166,"column":21}},"100":{"start":{"line":168,"column":2},"end":{"line":209,"column":3}},"101":{"start":{"line":169,"column":20},"end":{"line":169,"column":40}},"102":{"start":{"line":170,"column":4},"end":{"line":172,"column":5}},"103":{"start":{"line":171,"column":6},"end":{"line":171,"column":55}},"104":{"start":{"line":174,"column":17},"end":{"line":178,"column":5}},"105":{"start":{"line":180,"column":16},"end":{"line":184,"column":6}},"106":{"start":{"line":186,"column":4},"end":{"line":193,"column":5}},"107":{"start":{"line":187,"column":6},"end":{"line":189,"column":12}},"108":{"start":{"line":188,"column":8},"end":{"line":188,"column":48}},"109":{"start":{"line":192,"column":6},"end":{"line":192,"column":13}},"110":{"start":{"line":195,"column":4},"end":{"line":195,"column":81}},"111":{"start":{"line":195,"column":23},"end":{"line":195,"column":79}},"112":{"start":{"line":195,"column":37},"end":{"line":195,"column":78}},"113":{"start":{"line":196,"column":4},"end":{"line":196,"column":50}},"114":{"start":{"line":197,"column":4},"end":{"line":200,"column":53}},"115":{"start":{"line":198,"column":6},"end":{"line":198,"column":26}},"116":{"start":{"line":199,"column":6},"end":{"line":199,"column":20}},"117":{"start":{"line":203,"column":4},"end":{"line":203,"column":56}},"118":{"start":{"line":204,"column":4},"end":{"line":206,"column":10}},"119":{"start":{"line":205,"column":6},"end":{"line":205,"column":46}},"120":{"start":{"line":213,"column":25},"end":{"line":228,"column":3}},"121":{"start":{"line":214,"column":22},"end":{"line":214,"column":80}},"122":{"start":{"line":215,"column":4},"end":{"line":215,"column":27}},"123":{"start":{"line":215,"column":20},"end":{"line":215,"column":27}},"124":{"start":{"line":217,"column":4},"end":{"line":227,"column":5}},"125":{"start":{"line":218,"column":18},"end":{"line":218,"column":71}},"126":{"start":{"line":219,"column":6},"end":{"line":223,"column":7}},"127":{"start":{"line":220,"column":8},"end":{"line":220,"column":58}},"128":{"start":{"line":220,"column":27},"end":{"line":220,"column":56}},"129":{"start":{"line":220,"column":44},"end":{"line":220,"column":55}},"130":{"start":{"line":221,"column":8},"end":{"line":221,"column":52}},"131":{"start":{"line":225,"column":6},"end":{"line":225,"column":56}},"132":{"start":{"line":226,"column":6},"end":{"line":226,"column":44}},"133":{"start":{"line":231,"column":27},"end":{"line":233,"column":3}},"134":{"start":{"line":232,"column":11},"end":{"line":232,"column":103}},"135":{"start":{"line":234,"column":2},"end":{"line":451,"column":4}},"136":{"start":{"line":241,"column":31},"end":{"line":241,"column":48}},"137":{"start":{"line":242,"column":31},"end":{"line":242,"column":50}},"138":{"start":{"line":243,"column":31},"end":{"line":243,"column":51}},"139":{"start":{"line":244,"column":31},"end":{"line":244,"column":49}},"140":{"start":{"line":254,"column":100},"end":{"line":254,"column":115}},"141":{"start":{"line":254,"column":116},"end":{"line":254,"column":136}},"142":{"start":{"line":254,"column":137},"end":{"line":254,"column":194}},"143":{"start":{"line":254,"column":162},"end":{"line":254,"column":191}},"144":{"start":{"line":260,"column":80},"end":{"line":260,"column":112}},"145":{"start":{"line":260,"column":113},"end":{"line":260,"column":182}},"146":{"start":{"line":260,"column":138},"end":{"line":260,"column":179}},"147":{"start":{"line":263,"column":18},"end":{"line":263,"column":62}},"148":{"start":{"line":282,"column":29},"end":{"line":282,"column":56}},"149":{"start":{"line":297,"column":16},"end":{"line":312,"column":24}},"150":{"start":{"line":309,"column":45},"end":{"line":309,"column":71}},"151":{"start":{"line":355,"column":10},"end":{"line":355,"column":25}},"152":{"start":{"line":356,"column":10},"end":{"line":356,"column":30}},"153":{"start":{"line":357,"column":10},"end":{"line":357,"column":67}},"154":{"start":{"line":357,"column":35},"end":{"line":357,"column":64}},"155":{"start":{"line":373,"column":14},"end":{"line":373,"column":46}},"156":{"start":{"line":374,"column":14},"end":{"line":374,"column":83}},"157":{"start":{"line":374,"column":39},"end":{"line":374,"column":80}},"158":{"start":{"line":380,"column":14},"end":{"line":380,"column":58}},"159":{"start":{"line":396,"column":8},"end":{"line":396,"column":28}},"160":{"start":{"line":397,"column":8},"end":{"line":397,"column":26}},"161":{"start":{"line":411,"column":29},"end":{"line":411,"column":56}},"162":{"start":{"line":426,"column":16},"end":{"line":441,"column":24}},"163":{"start":{"line":438,"column":45},"end":{"line":438,"column":65}}},"fnMap":{"0":{"name":"(anonymous_0)","decl":{"start":{"line":5,"column":24},"end":{"line":5,"column":25}},"loc":{"start":{"line":5,"column":30},"end":{"line":452,"column":1}},"line":5},"1":{"name":"(anonymous_1)","decl":{"start":{"line":16,"column":10},"end":{"line":16,"column":11}},"loc":{"start":{"line":16,"column":16},"end":{"line":18,"column":1}},"line":16},"2":{"name":"(anonymous_2)","decl":{"start":{"line":21,"column":10},"end":{"line":21,"column":11}},"loc":{"start":{"line":21,"column":16},"end":{"line":27,"column":1}},"line":21},"3":{"name":"(anonymous_3)","decl":{"start":{"line":24,"column":29},"end":{"line":24,"column":30}},"loc":{"start":{"line":24,"column":35},"end":{"line":24,"column":48}},"line":24},"4":{"name":"(anonymous_4)","decl":{"start":{"line":25,"column":11},"end":{"line":25,"column":12}},"loc":{"start":{"line":25,"column":17},"end":{"line":25,"column":36}},"line":25},"5":{"name":"(anonymous_5)","decl":{"start":{"line":32,"column":25},"end":{"line":32,"column":26}},"loc":{"start":{"line":32,"column":37},"end":{"line":60,"column":3}},"line":32},"6":{"name":"(anonymous_6)","decl":{"start":{"line":47,"column":31},"end":{"line":47,"column":32}},"loc":{"start":{"line":47,"column":47},"end":{"line":47,"column":78}},"line":47},"7":{"name":"(anonymous_7)","decl":{"start":{"line":50,"column":41},"end":{"line":50,"column":42}},"loc":{"start":{"line":50,"column":57},"end":{"line":50,"column":71}},"line":50},"8":{"name":"(anonymous_8)","decl":{"start":{"line":55,"column":17},"end":{"line":55,"column":18}},"loc":{"start":{"line":55,"column":23},"end":{"line":58,"column":7}},"line":55},"9":{"name":"(anonymous_9)","decl":{"start":{"line":62,"column":33},"end":{"line":62,"column":34}},"loc":{"start":{"line":62,"column":52},"end":{"line":76,"column":3}},"line":62},"10":{"name":"(anonymous_10)","decl":{"start":{"line":83,"column":23},"end":{"line":83,"column":24}},"loc":{"start":{"line":83,"column":30},"end":{"line":85,"column":3}},"line":83},"11":{"name":"(anonymous_11)","decl":{"start":{"line":87,"column":22},"end":{"line":87,"column":23}},"loc":{"start":{"line":87,"column":29},"end":{"line":90,"column":3}},"line":87},"12":{"name":"(anonymous_12)","decl":{"start":{"line":89,"column":18},"end":{"line":89,"column":19}},"loc":{"start":{"line":89,"column":29},"end":{"line":89,"column":55}},"line":89},"13":{"name":"(anonymous_13)","decl":{"start":{"line":92,"column":28},"end":{"line":92,"column":29}},"loc":{"start":{"line":92,"column":34},"end":{"line":98,"column":3}},"line":92},"14":{"name":"(anonymous_14)","decl":{"start":{"line":100,"column":26},"end":{"line":100,"column":27}},"loc":{"start":{"line":100,"column":42},"end":{"line":107,"column":3}},"line":100},"15":{"name":"(anonymous_15)","decl":{"start":{"line":109,"column":31},"end":{"line":109,"column":32}},"loc":{"start":{"line":109,"column":45},"end":{"line":129,"column":3}},"line":109},"16":{"name":"(anonymous_16)","decl":{"start":{"line":113,"column":19},"end":{"line":113,"column":20}},"loc":{"start":{"line":113,"column":25},"end":{"line":115,"column":9}},"line":113},"17":{"name":"(anonymous_17)","decl":{"start":{"line":125,"column":17},"end":{"line":125,"column":18}},"loc":{"start":{"line":125,"column":23},"end":{"line":127,"column":7}},"line":125},"18":{"name":"(anonymous_18)","decl":{"start":{"line":131,"column":24},"end":{"line":131,"column":25}},"loc":{"start":{"line":131,"column":37},"end":{"line":163,"column":3}},"line":131},"19":{"name":"(anonymous_19)","decl":{"start":{"line":152,"column":21},"end":{"line":152,"column":22}},"loc":{"start":{"line":152,"column":29},"end":{"line":152,"column":55}},"line":152},"20":{"name":"(anonymous_20)","decl":{"start":{"line":165,"column":25},"end":{"line":165,"column":26}},"loc":{"start":{"line":165,"column":38},"end":{"line":210,"column":1}},"line":165},"21":{"name":"(anonymous_21)","decl":{"start":{"line":187,"column":17},"end":{"line":187,"column":18}},"loc":{"start":{"line":187,"column":23},"end":{"line":189,"column":7}},"line":187},"22":{"name":"(anonymous_22)","decl":{"start":{"line":195,"column":15},"end":{"line":195,"column":16}},"loc":{"start":{"line":195,"column":23},"end":{"line":195,"column":79}},"line":195},"23":{"name":"(anonymous_23)","decl":{"start":{"line":195,"column":32},"end":{"line":195,"column":33}},"loc":{"start":{"line":195,"column":37},"end":{"line":195,"column":78}},"line":195},"24":{"name":"(anonymous_24)","decl":{"start":{"line":197,"column":15},"end":{"line":197,"column":16}},"loc":{"start":{"line":197,"column":21},"end":{"line":200,"column":5}},"line":197},"25":{"name":"(anonymous_25)","decl":{"start":{"line":204,"column":15},"end":{"line":204,"column":16}},"loc":{"start":{"line":204,"column":21},"end":{"line":206,"column":5}},"line":204},"26":{"name":"(anonymous_26)","decl":{"start":{"line":213,"column":25},"end":{"line":213,"column":26}},"loc":{"start":{"line":213,"column":39},"end":{"line":228,"column":3}},"line":213},"27":{"name":"(anonymous_27)","decl":{"start":{"line":220,"column":19},"end":{"line":220,"column":20}},"loc":{"start":{"line":220,"column":27},"end":{"line":220,"column":56}},"line":220},"28":{"name":"(anonymous_28)","decl":{"start":{"line":220,"column":39},"end":{"line":220,"column":40}},"loc":{"start":{"line":220,"column":44},"end":{"line":220,"column":55}},"line":220},"29":{"name":"(anonymous_29)","decl":{"start":{"line":232,"column":4},"end":{"line":232,"column":5}},"loc":{"start":{"line":232,"column":11},"end":{"line":232,"column":103}},"line":232},"30":{"name":"(anonymous_30)","decl":{"start":{"line":241,"column":25},"end":{"line":241,"column":26}},"loc":{"start":{"line":241,"column":31},"end":{"line":241,"column":48}},"line":241},"31":{"name":"(anonymous_31)","decl":{"start":{"line":242,"column":25},"end":{"line":242,"column":26}},"loc":{"start":{"line":242,"column":31},"end":{"line":242,"column":50}},"line":242},"32":{"name":"(anonymous_32)","decl":{"start":{"line":243,"column":25},"end":{"line":243,"column":26}},"loc":{"start":{"line":243,"column":31},"end":{"line":243,"column":51}},"line":243},"33":{"name":"(anonymous_33)","decl":{"start":{"line":244,"column":25},"end":{"line":244,"column":26}},"loc":{"start":{"line":244,"column":31},"end":{"line":244,"column":49}},"line":244},"34":{"name":"(anonymous_34)","decl":{"start":{"line":254,"column":91},"end":{"line":254,"column":92}},"loc":{"start":{"line":254,"column":98},"end":{"line":254,"column":196}},"line":254},"35":{"name":"(anonymous_35)","decl":{"start":{"line":254,"column":151},"end":{"line":254,"column":152}},"loc":{"start":{"line":254,"column":162},"end":{"line":254,"column":191}},"line":254},"36":{"name":"(anonymous_36)","decl":{"start":{"line":260,"column":71},"end":{"line":260,"column":72}},"loc":{"start":{"line":260,"column":78},"end":{"line":260,"column":184}},"line":260},"37":{"name":"(anonymous_37)","decl":{"start":{"line":260,"column":127},"end":{"line":260,"column":128}},"loc":{"start":{"line":260,"column":138},"end":{"line":260,"column":179}},"line":260},"38":{"name":"(anonymous_38)","decl":{"start":{"line":262,"column":69},"end":{"line":262,"column":70}},"loc":{"start":{"line":263,"column":18},"end":{"line":263,"column":62}},"line":263},"39":{"name":"(anonymous_39)","decl":{"start":{"line":282,"column":22},"end":{"line":282,"column":23}},"loc":{"start":{"line":282,"column":29},"end":{"line":282,"column":56}},"line":282},"40":{"name":"(anonymous_40)","decl":{"start":{"line":296,"column":36},"end":{"line":296,"column":37}},"loc":{"start":{"line":297,"column":16},"end":{"line":312,"column":24}},"line":297},"41":{"name":"(anonymous_41)","decl":{"start":{"line":309,"column":39},"end":{"line":309,"column":40}},"loc":{"start":{"line":309,"column":45},"end":{"line":309,"column":71}},"line":309},"42":{"name":"(anonymous_42)","decl":{"start":{"line":354,"column":18},"end":{"line":354,"column":19}},"loc":{"start":{"line":354,"column":25},"end":{"line":358,"column":9}},"line":354},"43":{"name":"(anonymous_43)","decl":{"start":{"line":357,"column":24},"end":{"line":357,"column":25}},"loc":{"start":{"line":357,"column":35},"end":{"line":357,"column":64}},"line":357},"44":{"name":"(anonymous_44)","decl":{"start":{"line":372,"column":22},"end":{"line":372,"column":23}},"loc":{"start":{"line":372,"column":29},"end":{"line":375,"column":13}},"line":372},"45":{"name":"(anonymous_45)","decl":{"start":{"line":374,"column":28},"end":{"line":374,"column":29}},"loc":{"start":{"line":374,"column":39},"end":{"line":374,"column":80}},"line":374},"46":{"name":"(anonymous_46)","decl":{"start":{"line":379,"column":65},"end":{"line":379,"column":66}},"loc":{"start":{"line":380,"column":14},"end":{"line":380,"column":58}},"line":380},"47":{"name":"(anonymous_47)","decl":{"start":{"line":395,"column":37},"end":{"line":395,"column":38}},"loc":{"start":{"line":395,"column":43},"end":{"line":398,"column":7}},"line":395},"48":{"name":"(anonymous_48)","decl":{"start":{"line":411,"column":22},"end":{"line":411,"column":23}},"loc":{"start":{"line":411,"column":29},"end":{"line":411,"column":56}},"line":411},"49":{"name":"(anonymous_49)","decl":{"start":{"line":425,"column":36},"end":{"line":425,"column":37}},"loc":{"start":{"line":426,"column":16},"end":{"line":441,"column":24}},"line":426},"50":{"name":"(anonymous_50)","decl":{"start":{"line":438,"column":39},"end":{"line":438,"column":40}},"loc":{"start":{"line":438,"column":45},"end":{"line":438,"column":65}},"line":438}},"branchMap":{"0":{"loc":{"start":{"line":22,"column":2},"end":{"line":26,"column":3}},"type":"if","locations":[{"start":{"line":22,"column":2},"end":{"line":26,"column":3}},{"start":{},"end":{}}],"line":22},"1":{"loc":{"start":{"line":23,"column":19},"end":{"line":23,"column":64}},"type":"cond-expr","locations":[{"start":{"line":23,"column":53},"end":{"line":23,"column":57}},{"start":{"line":23,"column":60},"end":{"line":23,"column":64}}],"line":23},"2":{"loc":{"start":{"line":33,"column":4},"end":{"line":37,"column":5}},"type":"if","locations":[{"start":{"line":33,"column":4},"end":{"line":37,"column":5}},{"start":{},"end":{}}],"line":33},"3":{"loc":{"start":{"line":40,"column":6},"end":{"line":42,"column":7}},"type":"if","locations":[{"start":{"line":40,"column":6},"end":{"line":42,"column":7}},{"start":{},"end":{}}],"line":40},"4":{"loc":{"start":{"line":45,"column":6},"end":{"line":51,"column":7}},"type":"if","locations":[{"start":{"line":45,"column":6},"end":{"line":51,"column":7}},{"start":{"line":48,"column":13},"end":{"line":51,"column":7}}],"line":45},"5":{"loc":{"start":{"line":45,"column":10},"end":{"line":45,"column":43}},"type":"binary-expr","locations":[{"start":{"line":45,"column":10},"end":{"line":45,"column":14}},{"start":{"line":45,"column":18},"end":{"line":45,"column":43}}],"line":45},"6":{"loc":{"start":{"line":47,"column":53},"end":{"line":47,"column":67}},"type":"binary-expr","locations":[{"start":{"line":47,"column":53},"end":{"line":47,"column":60}},{"start":{"line":47,"column":64},"end":{"line":47,"column":67}}],"line":47},"7":{"loc":{"start":{"line":48,"column":13},"end":{"line":51,"column":7}},"type":"if","locations":[{"start":{"line":48,"column":13},"end":{"line":51,"column":7}},{"start":{},"end":{}}],"line":48},"8":{"loc":{"start":{"line":48,"column":17},"end":{"line":48,"column":49}},"type":"binary-expr","locations":[{"start":{"line":48,"column":17},"end":{"line":48,"column":21}},{"start":{"line":48,"column":25},"end":{"line":48,"column":49}}],"line":48},"9":{"loc":{"start":{"line":112,"column":6},"end":{"line":117,"column":7}},"type":"if","locations":[{"start":{"line":112,"column":6},"end":{"line":117,"column":7}},{"start":{},"end":{}}],"line":112},"10":{"loc":{"start":{"line":120,"column":22},"end":{"line":120,"column":45}},"type":"binary-expr","locations":[{"start":{"line":120,"column":22},"end":{"line":120,"column":39}},{"start":{"line":120,"column":43},"end":{"line":120,"column":45}}],"line":120},"11":{"loc":{"start":{"line":133,"column":4},"end":{"line":133,"column":59}},"type":"if","locations":[{"start":{"line":133,"column":4},"end":{"line":133,"column":59}},{"start":{},"end":{}}],"line":133},"12":{"loc":{"start":{"line":149,"column":6},"end":{"line":158,"column":7}},"type":"if","locations":[{"start":{"line":149,"column":6},"end":{"line":158,"column":7}},{"start":{"line":156,"column":13},"end":{"line":158,"column":7}}],"line":149},"13":{"loc":{"start":{"line":151,"column":8},"end":{"line":153,"column":9}},"type":"if","locations":[{"start":{"line":151,"column":8},"end":{"line":153,"column":9}},{"start":{},"end":{}}],"line":151},"14":{"loc":{"start":{"line":170,"column":4},"end":{"line":172,"column":5}},"type":"if","locations":[{"start":{"line":170,"column":4},"end":{"line":172,"column":5}},{"start":{},"end":{}}],"line":170},"15":{"loc":{"start":{"line":186,"column":4},"end":{"line":193,"column":5}},"type":"if","locations":[{"start":{"line":186,"column":4},"end":{"line":193,"column":5}},{"start":{},"end":{}}],"line":186},"16":{"loc":{"start":{"line":195,"column":37},"end":{"line":195,"column":78}},"type":"cond-expr","locations":[{"start":{"line":195,"column":57},"end":{"line":195,"column":74}},{"start":{"line":195,"column":77},"end":{"line":195,"column":78}}],"line":195},"17":{"loc":{"start":{"line":200,"column":7},"end":{"line":200,"column":51}},"type":"cond-expr","locations":[{"start":{"line":200,"column":41},"end":{"line":200,"column":44}},{"start":{"line":200,"column":47},"end":{"line":200,"column":51}}],"line":200},"18":{"loc":{"start":{"line":215,"column":4},"end":{"line":215,"column":27}},"type":"if","locations":[{"start":{"line":215,"column":4},"end":{"line":215,"column":27}},{"start":{},"end":{}}],"line":215},"19":{"loc":{"start":{"line":219,"column":6},"end":{"line":223,"column":7}},"type":"if","locations":[{"start":{"line":219,"column":6},"end":{"line":223,"column":7}},{"start":{},"end":{}}],"line":219},"20":{"loc":{"start":{"line":232,"column":11},"end":{"line":232,"column":103}},"type":"binary-expr","locations":[{"start":{"line":232,"column":11},"end":{"line":232,"column":12}},{"start":{"line":232,"column":16},"end":{"line":232,"column":44}},{"start":{"line":232,"column":48},"end":{"line":232,"column":103}}],"line":232},"21":{"loc":{"start":{"line":247,"column":7},"end":{"line":272,"column":7}},"type":"binary-expr","locations":[{"start":{"line":247,"column":7},"end":{"line":247,"column":24}},{"start":{"line":248,"column":8},"end":{"line":271,"column":14}}],"line":247},"22":{"loc":{"start":{"line":250,"column":11},"end":{"line":250,"column":72}},"type":"binary-expr","locations":[{"start":{"line":250,"column":11},"end":{"line":250,"column":17}},{"start":{"line":250,"column":21},"end":{"line":250,"column":72}}],"line":250},"23":{"loc":{"start":{"line":259,"column":13},"end":{"line":266,"column":13}},"type":"binary-expr","locations":[{"start":{"line":259,"column":13},"end":{"line":259,"column":33}},{"start":{"line":260,"column":14},"end":{"line":265,"column":23}}],"line":259},"24":{"loc":{"start":{"line":268,"column":13},"end":{"line":268,"column":64}},"type":"binary-expr","locations":[{"start":{"line":268,"column":13},"end":{"line":268,"column":19}},{"start":{"line":268,"column":23},"end":{"line":268,"column":64}}],"line":268},"25":{"loc":{"start":{"line":275,"column":7},"end":{"line":320,"column":7}},"type":"binary-expr","locations":[{"start":{"line":275,"column":7},"end":{"line":275,"column":26}},{"start":{"line":276,"column":8},"end":{"line":319,"column":14}}],"line":275},"26":{"loc":{"start":{"line":278,"column":11},"end":{"line":278,"column":72}},"type":"binary-expr","locations":[{"start":{"line":278,"column":11},"end":{"line":278,"column":17}},{"start":{"line":278,"column":21},"end":{"line":278,"column":72}}],"line":278},"27":{"loc":{"start":{"line":297,"column":16},"end":{"line":312,"column":24}},"type":"cond-expr","locations":[{"start":{"line":298,"column":18},"end":{"line":311,"column":23}},{"start":{"line":312,"column":20},"end":{"line":312,"column":24}}],"line":297},"28":{"loc":{"start":{"line":297,"column":16},"end":{"line":297,"column":49}},"type":"binary-expr","locations":[{"start":{"line":297,"column":16},"end":{"line":297,"column":17}},{"start":{"line":297,"column":21},"end":{"line":297,"column":49}}],"line":297},"29":{"loc":{"start":{"line":301,"column":23},"end":{"line":303,"column":38}},"type":"cond-expr","locations":[{"start":{"line":302,"column":24},"end":{"line":302,"column":103}},{"start":{"line":303,"column":26},"end":{"line":303,"column":38}}],"line":301},"30":{"loc":{"start":{"line":314,"column":15},"end":{"line":316,"column":15}},"type":"binary-expr","locations":[{"start":{"line":314,"column":15},"end":{"line":314,"column":44}},{"start":{"line":315,"column":16},"end":{"line":315,"column":71}}],"line":314},"31":{"loc":{"start":{"line":322,"column":1},"end":{"line":401,"column":1}},"type":"binary-expr","locations":[{"start":{"line":322,"column":1},"end":{"line":322,"column":21}},{"start":{"line":322,"column":25},"end":{"line":322,"column":33}},{"start":{"line":323,"column":2},"end":{"line":400,"column":8}}],"line":322},"32":{"loc":{"start":{"line":326,"column":5},"end":{"line":326,"column":66}},"type":"binary-expr","locations":[{"start":{"line":326,"column":5},"end":{"line":326,"column":11}},{"start":{"line":326,"column":15},"end":{"line":326,"column":66}}],"line":326},"33":{"loc":{"start":{"line":366,"column":7},"end":{"line":384,"column":7}},"type":"binary-expr","locations":[{"start":{"line":366,"column":7},"end":{"line":366,"column":27}},{"start":{"line":367,"column":8},"end":{"line":383,"column":11}}],"line":366},"34":{"loc":{"start":{"line":390,"column":7},"end":{"line":392,"column":7}},"type":"binary-expr","locations":[{"start":{"line":390,"column":7},"end":{"line":390,"column":27}},{"start":{"line":391,"column":8},"end":{"line":391,"column":92}}],"line":390},"35":{"loc":{"start":{"line":404,"column":7},"end":{"line":449,"column":7}},"type":"binary-expr","locations":[{"start":{"line":404,"column":7},"end":{"line":404,"column":25}},{"start":{"line":405,"column":8},"end":{"line":448,"column":14}}],"line":404},"36":{"loc":{"start":{"line":407,"column":11},"end":{"line":407,"column":72}},"type":"binary-expr","locations":[{"start":{"line":407,"column":11},"end":{"line":407,"column":17}},{"start":{"line":407,"column":21},"end":{"line":407,"column":72}}],"line":407},"37":{"loc":{"start":{"line":426,"column":16},"end":{"line":441,"column":24}},"type":"cond-expr","locations":[{"start":{"line":427,"column":18},"end":{"line":440,"column":23}},{"start":{"line":441,"column":20},"end":{"line":441,"column":24}}],"line":426},"38":{"loc":{"start":{"line":426,"column":16},"end":{"line":426,"column":49}},"type":"binary-expr","locations":[{"start":{"line":426,"column":16},"end":{"line":426,"column":17}},{"start":{"line":426,"column":21},"end":{"line":426,"column":49}}],"line":426},"39":{"loc":{"start":{"line":430,"column":23},"end":{"line":432,"column":38}},"type":"cond-expr","locations":[{"start":{"line":431,"column":24},"end":{"line":431,"column":103}},{"start":{"line":432,"column":26},"end":{"line":432,"column":38}}],"line":430},"40":{"loc":{"start":{"line":443,"column":15},"end":{"line":445,"column":15}},"type":"binary-expr","locations":[{"start":{"line":443,"column":15},"end":{"line":443,"column":44}},{"start":{"line":444,"column":16},"end":{"line":444,"column":71}}],"line":443}},"s":{"0":1,"1":90,"2":90,"3":90,"4":90,"5":90,"6":90,"7":90,"8":90,"9":90,"10":25,"11":90,"12":35,"13":10,"14":10,"15":0,"16":10,"17":10,"18":90,"19":90,"20":25,"21":0,"22":0,"23":0,"24":25,"25":25,"26":21,"27":6,"28":15,"29":15,"30":15,"31":0,"32":0,"33":15,"34":15,"35":16,"36":15,"37":10,"38":10,"39":10,"40":10,"41":90,"42":0,"43":0,"44":0,"45":0,"46":0,"47":0,"48":0,"49":0,"50":90,"51":90,"52":1,"53":90,"54":7,"55":7,"56":7,"57":90,"58":2,"59":2,"60":2,"61":2,"62":90,"63":0,"64":0,"65":90,"66":10,"67":10,"68":10,"69":2,"70":2,"71":2,"72":8,"73":8,"74":8,"75":8,"76":8,"77":0,"78":0,"79":0,"80":90,"81":2,"82":2,"83":2,"84":0,"85":0,"86":0,"87":0,"88":0,"89":0,"90":0,"91":0,"92":0,"93":0,"94":0,"95":0,"96":0,"97":0,"98":90,"99":2,"100":2,"101":2,"102":2,"103":0,"104":2,"105":2,"106":2,"107":1,"108":1,"109":1,"110":1,"111":1,"112":1,"113":1,"114":1,"115":1,"116":1,"117":0,"118":0,"119":0,"120":90,"121":1,"122":1,"123":0,"124":1,"125":1,"126":1,"127":1,"128":1,"129":1,"130":1,"131":0,"132":0,"133":90,"134":44,"135":90,"136":3,"137":13,"138":4,"139":3,"140":2,"141":2,"142":2,"143":2,"144":0,"145":0,"146":0,"147":9,"148":2,"149":17,"150":10,"151":1,"152":1,"153":1,"154":1,"155":1,"156":1,"157":1,"158":51,"159":1,"160":1,"161":0,"162":1,"163":1},"f":{"0":90,"1":25,"2":35,"3":0,"4":10,"5":25,"6":0,"7":16,"8":10,"9":0,"10":1,"11":7,"12":7,"13":2,"14":0,"15":10,"16":2,"17":0,"18":2,"19":0,"20":2,"21":1,"22":1,"23":1,"24":1,"25":0,"26":1,"27":1,"28":1,"29":44,"30":3,"31":13,"32":4,"33":3,"34":2,"35":2,"36":0,"37":0,"38":9,"39":2,"40":17,"41":10,"42":1,"43":1,"44":1,"45":1,"46":51,"47":1,"48":0,"49":1,"50":1},"b":{"0":[10,25],"1":[10,0],"2":[0,25],"3":[6,15],"4":[0,15],"5":[15,15],"6":[0,0],"7":[15,0],"8":[15,15],"9":[2,8],"10":[8,0],"11":[2,0],"12":[0,0],"13":[0,0],"14":[0,2],"15":[1,1],"16":[1,0],"17":[1,0],"18":[0,1],"19":[1,0],"20":[44,44,44],"21":[90,40],"22":[40,5],"23":[40,3],"24":[40,0],"25":[90,25],"26":[25,0],"27":[17,0],"28":[17,17],"29":[9,8],"30":[25,10],"31":[90,18,17],"32":[17,2],"33":[17,17],"34":[17,15],"35":[90,7],"36":[7,3],"37":[1,0],"38":[1,1],"39":[1,0],"40":[7,6]},"_coverageSchema":"1a1c01bbd47fc00a2c39e90264f33305004495a9","hash":"da4403b5bc4e7654de1e8e40b10dc4b3914c6ed2"}
,"E:\\git\\Reutilizable\\Trabajo_Integracion_Tienda_Catalogos_art3d\\Frontend\\src\\components\\ContactBanner\\ContactBanner.js": {"path":"E:\\git\\Reutilizable\\Trabajo_Integracion_Tienda_Catalogos_art3d\\Frontend\\src\\components\\ContactBanner\\ContactBanner.js","statementMap":{"0":{"start":{"line":5,"column":2},"end":{"line":29,"column":4}}},"fnMap":{"0":{"name":"ContactBanner","decl":{"start":{"line":4,"column":9},"end":{"line":4,"column":22}},"loc":{"start":{"line":4,"column":25},"end":{"line":30,"column":1}},"line":4}},"branchMap":{},"s":{"0":0},"f":{"0":0},"b":{}}
,"E:\\git\\Reutilizable\\Trabajo_Integracion_Tienda_Catalogos_art3d\\Frontend\\src\\components\\HeroCarrusel\\HeroCarrusel.js": {"path":"E:\\git\\Reutilizable\\Trabajo_Integracion_Tienda_Catalogos_art3d\\Frontend\\src\\components\\HeroCarrusel\\HeroCarrusel.js","statementMap":{"0":{"start":{"line":7,"column":17},"end":{"line":7,"column":44}},"1":{"start":{"line":10,"column":28},"end":{"line":10,"column":39}},"2":{"start":{"line":12,"column":15},"end":{"line":12,"column":69}},"3":{"start":{"line":12,"column":21},"end":{"line":12,"column":69}},"4":{"start":{"line":12,"column":40},"end":{"line":12,"column":68}},"5":{"start":{"line":13,"column":15},"end":{"line":13,"column":87}},"6":{"start":{"line":13,"column":21},"end":{"line":13,"column":87}},"7":{"start":{"line":13,"column":40},"end":{"line":13,"column":86}},"8":{"start":{"line":16,"column":2},"end":{"line":22,"column":9}},"9":{"start":{"line":17,"column":18},"end":{"line":19,"column":13}},"10":{"start":{"line":18,"column":6},"end":{"line":18,"column":13}},"11":{"start":{"line":21,"column":4},"end":{"line":21,"column":38}},"12":{"start":{"line":21,"column":17},"end":{"line":21,"column":37}},"13":{"start":{"line":24,"column":2},"end":{"line":31,"column":4}}},"fnMap":{"0":{"name":"HeroCarrusel","decl":{"start":{"line":9,"column":9},"end":{"line":9,"column":21}},"loc":{"start":{"line":9,"column":24},"end":{"line":32,"column":1}},"line":9},"1":{"name":"(anonymous_1)","decl":{"start":{"line":12,"column":15},"end":{"line":12,"column":16}},"loc":{"start":{"line":12,"column":21},"end":{"line":12,"column":69}},"line":12},"2":{"name":"(anonymous_2)","decl":{"start":{"line":12,"column":30},"end":{"line":12,"column":31}},"loc":{"start":{"line":12,"column":40},"end":{"line":12,"column":68}},"line":12},"3":{"name":"(anonymous_3)","decl":{"start":{"line":13,"column":15},"end":{"line":13,"column":16}},"loc":{"start":{"line":13,"column":21},"end":{"line":13,"column":87}},"line":13},"4":{"name":"(anonymous_4)","decl":{"start":{"line":13,"column":30},"end":{"line":13,"column":31}},"loc":{"start":{"line":13,"column":40},"end":{"line":13,"column":86}},"line":13},"5":{"name":"(anonymous_5)","decl":{"start":{"line":16,"column":12},"end":{"line":16,"column":13}},"loc":{"start":{"line":16,"column":18},"end":{"line":22,"column":3}},"line":16},"6":{"name":"(anonymous_6)","decl":{"start":{"line":17,"column":30},"end":{"line":17,"column":31}},"loc":{"start":{"line":17,"column":36},"end":{"line":19,"column":5}},"line":17},"7":{"name":"(anonymous_7)","decl":{"start":{"line":21,"column":11},"end":{"line":21,"column":12}},"loc":{"start":{"line":21,"column":17},"end":{"line":21,"column":37}},"line":21}},"branchMap":{},"s":{"0":0,"1":0,"2":0,"3":0,"4":0,"5":0,"6":0,"7":0,"8":0,"9":0,"10":0,"11":0,"12":0,"13":0},"f":{"0":0,"1":0,"2":0,"3":0,"4":0,"5":0,"6":0,"7":0},"b":{}}
,"E:\\git\\Reutilizable\\Trabajo_Integracion_Tienda_Catalogos_art3d\\Frontend\\src\\components\\Navbar\\Navbar.js": {"path":"E:\\git\\Reutilizable\\Trabajo_Integracion_Tienda_Catalogos_art3d\\Frontend\\src\\components\\Navbar\\Navbar.js","statementMap":{"0":{"start":{"line":5,"column":2},"end":{"line":39,"column":4}}},"fnMap":{"0":{"name":"Navbar","decl":{"start":{"line":4,"column":9},"end":{"line":4,"column":15}},"loc":{"start":{"line":4,"column":18},"end":{"line":40,"column":1}},"line":4}},"branchMap":{},"s":{"0":0},"f":{"0":0},"b":{}}
,"E:\\git\\Reutilizable\\Trabajo_Integracion_Tienda_Catalogos_art3d\\Frontend\\src\\components\\ProductCard\\ProductCard.js": {"path":"E:\\git\\Reutilizable\\Trabajo_Integracion_Tienda_Catalogos_art3d\\Frontend\\src\\components\\ProductCard\\ProductCard.js","statementMap":{"0":{"start":{"line":5,"column":2},"end":{"line":19,"column":4}},"1":{"start":{"line":22,"column":0},"end":{"line":31,"column":2}}},"fnMap":{"0":{"name":"ProductCard","decl":{"start":{"line":4,"column":9},"end":{"line":4,"column":20}},"loc":{"start":{"line":4,"column":35},"end":{"line":20,"column":1}},"line":4}},"branchMap":{"0":{"loc":{"start":{"line":8,"column":18},"end":{"line":8,"column":55}},"type":"binary-expr","locations":[{"start":{"line":8,"column":18},"end":{"line":8,"column":33}},{"start":{"line":8,"column":37},"end":{"line":8,"column":55}}],"line":8}},"s":{"0":0,"1":0},"f":{"0":0},"b":{"0":[0,0]}}
,"E:\\git\\Reutilizable\\Trabajo_Integracion_Tienda_Catalogos_art3d\\Frontend\\src\\components\\ProductCarrusel\\ProductCarrusel.js": {"path":"E:\\git\\Reutilizable\\Trabajo_Integracion_Tienda_Catalogos_art3d\\Frontend\\src\\components\\ProductCarrusel\\ProductCarrusel.js","statementMap":{"0":{"start":{"line":7,"column":36},"end":{"line":7,"column":55}},"1":{"start":{"line":8,"column":40},"end":{"line":8,"column":55}},"2":{"start":{"line":9,"column":36},"end":{"line":9,"column":50}},"3":{"start":{"line":12,"column":23},"end":{"line":31,"column":3}},"4":{"start":{"line":13,"column":4},"end":{"line":13,"column":28}},"5":{"start":{"line":13,"column":21},"end":{"line":13,"column":28}},"6":{"start":{"line":15,"column":4},"end":{"line":15,"column":22}},"7":{"start":{"line":16,"column":4},"end":{"line":16,"column":25}},"8":{"start":{"line":18,"column":4},"end":{"line":30,"column":12}},"9":{"start":{"line":19,"column":6},"end":{"line":27,"column":9}},"10":{"start":{"line":20,"column":8},"end":{"line":26,"column":9}},"11":{"start":{"line":21,"column":35},"end":{"line":21,"column":39}},"12":{"start":{"line":22,"column":10},"end":{"line":22,"column":34}},"13":{"start":{"line":24,"column":23},"end":{"line":24,"column":44}},"14":{"start":{"line":25,"column":10},"end":{"line":25,"column":46}},"15":{"start":{"line":28,"column":6},"end":{"line":28,"column":28}},"16":{"start":{"line":29,"column":6},"end":{"line":29,"column":25}},"17":{"start":{"line":33,"column":2},"end":{"line":50,"column":4}},"18":{"start":{"line":37,"column":59},"end":{"line":37,"column":79}},"19":{"start":{"line":41,"column":12},"end":{"line":43,"column":18}},"20":{"start":{"line":47,"column":60},"end":{"line":47,"column":81}},"21":{"start":{"line":53,"column":0},"end":{"line":56,"column":2}}},"fnMap":{"0":{"name":"ProductCarrusel","decl":{"start":{"line":6,"column":9},"end":{"line":6,"column":24}},"loc":{"start":{"line":6,"column":59},"end":{"line":51,"column":1}},"line":6},"1":{"name":"(anonymous_1)","decl":{"start":{"line":12,"column":23},"end":{"line":12,"column":24}},"loc":{"start":{"line":12,"column":32},"end":{"line":31,"column":3}},"line":12},"2":{"name":"(anonymous_2)","decl":{"start":{"line":18,"column":15},"end":{"line":18,"column":16}},"loc":{"start":{"line":18,"column":21},"end":{"line":30,"column":5}},"line":18},"3":{"name":"(anonymous_3)","decl":{"start":{"line":19,"column":19},"end":{"line":19,"column":20}},"loc":{"start":{"line":19,"column":29},"end":{"line":27,"column":7}},"line":19},"4":{"name":"(anonymous_4)","decl":{"start":{"line":37,"column":53},"end":{"line":37,"column":54}},"loc":{"start":{"line":37,"column":59},"end":{"line":37,"column":79}},"line":37},"5":{"name":"(anonymous_5)","decl":{"start":{"line":40,"column":25},"end":{"line":40,"column":26}},"loc":{"start":{"line":41,"column":12},"end":{"line":43,"column":18}},"line":41},"6":{"name":"(anonymous_6)","decl":{"start":{"line":47,"column":54},"end":{"line":47,"column":55}},"loc":{"start":{"line":47,"column":60},"end":{"line":47,"column":81}},"line":47}},"branchMap":{"0":{"loc":{"start":{"line":13,"column":4},"end":{"line":13,"column":28}},"type":"if","locations":[{"start":{"line":13,"column":4},"end":{"line":13,"column":28}},{"start":{},"end":{}}],"line":13},"1":{"loc":{"start":{"line":20,"column":8},"end":{"line":26,"column":9}},"type":"if","locations":[{"start":{"line":20,"column":8},"end":{"line":26,"column":9}},{"start":{"line":23,"column":15},"end":{"line":26,"column":9}}],"line":20},"2":{"loc":{"start":{"line":39,"column":36},"end":{"line":39,"column":78}},"type":"cond-expr","locations":[{"start":{"line":39,"column":59},"end":{"line":39,"column":73}},{"start":{"line":39,"column":76},"end":{"line":39,"column":78}}],"line":39},"3":{"loc":{"start":{"line":39,"column":82},"end":{"line":39,"column":126}},"type":"cond-expr","locations":[{"start":{"line":39,"column":106},"end":{"line":39,"column":121}},{"start":{"line":39,"column":124},"end":{"line":39,"column":126}}],"line":39}},"s":{"0":0,"1":0,"2":0,"3":0,"4":0,"5":0,"6":0,"7":0,"8":0,"9":0,"10":0,"11":0,"12":0,"13":0,"14":0,"15":0,"16":0,"17":0,"18":0,"19":0,"20":0,"21":0},"f":{"0":0,"1":0,"2":0,"3":0,"4":0,"5":0,"6":0},"b":{"0":[0,0],"1":[0,0],"2":[0,0],"3":[0,0]}}
}
