{"E:\\git\\Reutilizable\\Trabajo_Integracion_Tienda_Catalogos_art3d\\Frontend\\src\\App.js": {"path":"E:\\git\\Reutilizable\\Trabajo_Integracion_Tienda_Catalogos_art3d\\Frontend\\src\\App.js","statementMap":{"0":{"start":{"line":10,"column":2},"end":{"line":35,"column":9}},"1":{"start":{"line":11,"column":4},"end":{"line":34,"column":7}},"2":{"start":{"line":37,"column":2},"end":{"line":48,"column":4}}},"fnMap":{"0":{"name":"App","decl":{"start":{"line":9,"column":9},"end":{"line":9,"column":12}},"loc":{"start":{"line":9,"column":15},"end":{"line":49,"column":1}},"line":9},"1":{"name":"(anonymous_1)","decl":{"start":{"line":10,"column":12},"end":{"line":10,"column":13}},"loc":{"start":{"line":10,"column":18},"end":{"line":35,"column":3}},"line":10}},"branchMap":{},"s":{"0":4,"1":4,"2":4},"f":{"0":4,"1":4},"b":{},"_coverageSchema":"1a1c01bbd47fc00a2c39e90264f33305004495a9","hash":"9895025f782bf2d75e30d6edad8e022afffc8cb0"}
,"E:\\git\\Reutilizable\\Trabajo_Integracion_Tienda_Catalogos_art3d\\Frontend\\src\\index.js": {"path":"E:\\git\\Reutilizable\\Trabajo_Integracion_Tienda_Catalogos_art3d\\Frontend\\src\\index.js","statementMap":{"0":{"start":{"line":6,"column":13},"end":{"line":6,"column":65}},"1":{"start":{"line":7,"column":0},"end":{"line":11,"column":2}}},"fnMap":{},"branchMap":{},"s":{"0":0,"1":0},"f":{},"b":{}}
,"E:\\git\\Reutilizable\\Trabajo_Integracion_Tienda_Catalogos_art3d\\Frontend\\src\\Pages\\Design\\Design.js": {"path":"E:\\git\\Reutilizable\\Trabajo_Integracion_Tienda_Catalogos_art3d\\Frontend\\src\\Pages\\Design\\Design.js","statementMap":{"0":{"start":{"line":4,"column":2},"end":{"line":9,"column":4}}},"fnMap":{"0":{"name":"Diseno","decl":{"start":{"line":3,"column":9},"end":{"line":3,"column":15}},"loc":{"start":{"line":3,"column":18},"end":{"line":10,"column":1}},"line":3}},"branchMap":{},"s":{"0":1},"f":{"0":1},"b":{},"_coverageSchema":"1a1c01bbd47fc00a2c39e90264f33305004495a9","hash":"cdbdcad378f36b7b1a3741fe6f0abfb175c9e1a3"}
,"E:\\git\\Reutilizable\\Trabajo_Integracion_Tienda_Catalogos_art3d\\Frontend\\src\\Pages\\Home\\Home.js": {"path":"E:\\git\\Reutilizable\\Trabajo_Integracion_Tienda_Catalogos_art3d\\Frontend\\src\\Pages\\Home\\Home.js","statementMap":{"0":{"start":{"line":9,"column":36},"end":{"line":9,"column":48}},"1":{"start":{"line":10,"column":32},"end":{"line":10,"column":46}},"2":{"start":{"line":12,"column":2},"end":{"line":34,"column":9}},"3":{"start":{"line":13,"column":29},"end":{"line":31,"column":5}},"4":{"start":{"line":14,"column":6},"end":{"line":30,"column":7}},"5":{"start":{"line":15,"column":24},"end":{"line":15,"column":53}},"6":{"start":{"line":16,"column":20},"end":{"line":16,"column":40}},"7":{"start":{"line":17,"column":21},"end":{"line":17,"column":37}},"8":{"start":{"line":18,"column":22},"end":{"line":23,"column":11}},"9":{"start":{"line":18,"column":69},"end":{"line":23,"column":9}},"10":{"start":{"line":24,"column":8},"end":{"line":24,"column":28}},"11":{"start":{"line":25,"column":8},"end":{"line":25,"column":26}},"12":{"start":{"line":27,"column":8},"end":{"line":27,"column":60}},"13":{"start":{"line":28,"column":8},"end":{"line":28,"column":25}},"14":{"start":{"line":29,"column":8},"end":{"line":29,"column":26}},"15":{"start":{"line":33,"column":4},"end":{"line":33,"column":23}},"16":{"start":{"line":36,"column":2},"end":{"line":65,"column":4}},"17":{"start":{"line":49,"column":12},"end":{"line":58,"column":14}}},"fnMap":{"0":{"name":"Home","decl":{"start":{"line":8,"column":9},"end":{"line":8,"column":13}},"loc":{"start":{"line":8,"column":16},"end":{"line":66,"column":1}},"line":8},"1":{"name":"(anonymous_1)","decl":{"start":{"line":12,"column":12},"end":{"line":12,"column":13}},"loc":{"start":{"line":12,"column":18},"end":{"line":34,"column":3}},"line":12},"2":{"name":"(anonymous_2)","decl":{"start":{"line":13,"column":29},"end":{"line":13,"column":30}},"loc":{"start":{"line":13,"column":41},"end":{"line":31,"column":5}},"line":13},"3":{"name":"(anonymous_3)","decl":{"start":{"line":18,"column":53},"end":{"line":18,"column":54}},"loc":{"start":{"line":18,"column":69},"end":{"line":23,"column":9}},"line":18},"4":{"name":"(anonymous_4)","decl":{"start":{"line":48,"column":25},"end":{"line":48,"column":26}},"loc":{"start":{"line":49,"column":12},"end":{"line":58,"column":14}},"line":49}},"branchMap":{"0":{"loc":{"start":{"line":18,"column":37},"end":{"line":18,"column":47}},"type":"binary-expr","locations":[{"start":{"line":18,"column":37},"end":{"line":18,"column":41}},{"start":{"line":18,"column":45},"end":{"line":18,"column":47}}],"line":18},"1":{"loc":{"start":{"line":42,"column":7},"end":{"line":44,"column":7}},"type":"binary-expr","locations":[{"start":{"line":42,"column":7},"end":{"line":42,"column":15}},{"start":{"line":42,"column":19},"end":{"line":42,"column":39}},{"start":{"line":43,"column":8},"end":{"line":43,"column":78}}],"line":42}},"s":{"0":4,"1":4,"2":4,"3":3,"4":3,"5":3,"6":3,"7":1,"8":1,"9":2,"10":1,"11":1,"12":1,"13":1,"14":1,"15":3,"16":4,"17":2},"f":{"0":4,"1":3,"2":3,"3":2,"4":2},"b":{"0":[1,0],"1":[4,1,1]},"_coverageSchema":"1a1c01bbd47fc00a2c39e90264f33305004495a9","hash":"0228beac7a530764e1580a0d200ab39c8bc0111f"}
,"E:\\git\\Reutilizable\\Trabajo_Integracion_Tienda_Catalogos_art3d\\Frontend\\src\\Pages\\Products\\Products.js": {"path":"E:\\git\\Reutilizable\\Trabajo_Integracion_Tienda_Catalogos_art3d\\Frontend\\src\\Pages\\Products\\Products.js","statementMap":{},"fnMap":{},"branchMap":{},"s":{},"f":{},"b":{}}
,"E:\\git\\Reutilizable\\Trabajo_Integracion_Tienda_Catalogos_art3d\\Frontend\\src\\Pages\\admin\\CatalogoFiguras.js": {"path":"E:\\git\\Reutilizable\\Trabajo_Integracion_Tienda_Catalogos_art3d\\Frontend\\src\\Pages\\admin\\CatalogoFiguras.js","statementMap":{"0":{"start":{"line":5,"column":24},"end":{"line":435,"column":1}},"1":{"start":{"line":6,"column":24},"end":{"line":6,"column":43}},"2":{"start":{"line":7,"column":32},"end":{"line":7,"column":44}},"3":{"start":{"line":8,"column":38},"end":{"line":8,"column":118}},"4":{"start":{"line":9,"column":30},"end":{"line":9,"column":44}},"5":{"start":{"line":10,"column":34},"end":{"line":10,"column":46}},"6":{"start":{"line":11,"column":30},"end":{"line":11,"column":42}},"7":{"start":{"line":12,"column":34},"end":{"line":12,"column":46}},"8":{"start":{"line":13,"column":42},"end":{"line":13,"column":54}},"9":{"start":{"line":16,"column":0},"end":{"line":18,"column":7}},"10":{"start":{"line":17,"column":2},"end":{"line":17,"column":19}},"11":{"start":{"line":21,"column":0},"end":{"line":27,"column":13}},"12":{"start":{"line":22,"column":2},"end":{"line":26,"column":3}},"13":{"start":{"line":23,"column":19},"end":{"line":23,"column":64}},"14":{"start":{"line":24,"column":18},"end":{"line":24,"column":57}},"15":{"start":{"line":24,"column":35},"end":{"line":24,"column":48}},"16":{"start":{"line":25,"column":4},"end":{"line":25,"column":37}},"17":{"start":{"line":25,"column":17},"end":{"line":25,"column":36}},"18":{"start":{"line":30,"column":18},"end":{"line":30,"column":47}},"19":{"start":{"line":32,"column":25},"end":{"line":48,"column":3}},"20":{"start":{"line":33,"column":4},"end":{"line":47,"column":5}},"21":{"start":{"line":34,"column":18},"end":{"line":34,"column":38}},"22":{"start":{"line":35,"column":6},"end":{"line":37,"column":7}},"23":{"start":{"line":36,"column":8},"end":{"line":36,"column":59}},"24":{"start":{"line":38,"column":19},"end":{"line":38,"column":35}},"25":{"start":{"line":39,"column":20},"end":{"line":39,"column":83}},"26":{"start":{"line":39,"column":67},"end":{"line":39,"column":81}},"27":{"start":{"line":40,"column":6},"end":{"line":40,"column":24}},"28":{"start":{"line":42,"column":6},"end":{"line":42,"column":56}},"29":{"start":{"line":43,"column":6},"end":{"line":46,"column":12}},"30":{"start":{"line":44,"column":8},"end":{"line":44,"column":46}},"31":{"start":{"line":45,"column":8},"end":{"line":45,"column":23}},"32":{"start":{"line":50,"column":33},"end":{"line":64,"column":3}},"33":{"start":{"line":51,"column":29},"end":{"line":51,"column":59}},"34":{"start":{"line":52,"column":17},"end":{"line":52,"column":31}},"35":{"start":{"line":53,"column":4},"end":{"line":53,"column":42}},"36":{"start":{"line":54,"column":4},"end":{"line":54,"column":50}},"37":{"start":{"line":55,"column":4},"end":{"line":55,"column":43}},"38":{"start":{"line":57,"column":16},"end":{"line":60,"column":6}},"39":{"start":{"line":62,"column":22},"end":{"line":62,"column":38}},"40":{"start":{"line":63,"column":4},"end":{"line":63,"column":32}},"41":{"start":{"line":66,"column":36},"end":{"line":69,"column":3}},"42":{"start":{"line":71,"column":23},"end":{"line":73,"column":3}},"43":{"start":{"line":72,"column":4},"end":{"line":72,"column":33}},"44":{"start":{"line":75,"column":22},"end":{"line":78,"column":3}},"45":{"start":{"line":76,"column":28},"end":{"line":76,"column":36}},"46":{"start":{"line":77,"column":4},"end":{"line":77,"column":58}},"47":{"start":{"line":77,"column":29},"end":{"line":77,"column":55}},"48":{"start":{"line":80,"column":28},"end":{"line":86,"column":3}},"49":{"start":{"line":81,"column":4},"end":{"line":81,"column":93}},"50":{"start":{"line":82,"column":4},"end":{"line":82,"column":24}},"51":{"start":{"line":83,"column":4},"end":{"line":83,"column":20}},"52":{"start":{"line":84,"column":4},"end":{"line":84,"column":20}},"53":{"start":{"line":88,"column":26},"end":{"line":95,"column":3}},"54":{"start":{"line":89,"column":21},"end":{"line":93,"column":5}},"55":{"start":{"line":94,"column":4},"end":{"line":94,"column":50}},"56":{"start":{"line":97,"column":31},"end":{"line":117,"column":3}},"57":{"start":{"line":98,"column":4},"end":{"line":116,"column":5}},"58":{"start":{"line":99,"column":18},"end":{"line":99,"column":49}},"59":{"start":{"line":100,"column":6},"end":{"line":105,"column":7}},"60":{"start":{"line":101,"column":8},"end":{"line":103,"column":14}},"61":{"start":{"line":102,"column":10},"end":{"line":102,"column":50}},"62":{"start":{"line":104,"column":8},"end":{"line":104,"column":15}},"63":{"start":{"line":106,"column":19},"end":{"line":106,"column":35}},"64":{"start":{"line":107,"column":6},"end":{"line":107,"column":26}},"65":{"start":{"line":108,"column":6},"end":{"line":108,"column":47}},"66":{"start":{"line":109,"column":6},"end":{"line":109,"column":22}},"67":{"start":{"line":110,"column":6},"end":{"line":110,"column":27}},"68":{"start":{"line":112,"column":6},"end":{"line":112,"column":70}},"69":{"start":{"line":113,"column":6},"end":{"line":115,"column":12}},"70":{"start":{"line":114,"column":8},"end":{"line":114,"column":48}},"71":{"start":{"line":119,"column":24},"end":{"line":151,"column":3}},"72":{"start":{"line":120,"column":4},"end":{"line":120,"column":23}},"73":{"start":{"line":121,"column":4},"end":{"line":121,"column":59}},"74":{"start":{"line":121,"column":17},"end":{"line":121,"column":59}},"75":{"start":{"line":123,"column":4},"end":{"line":150,"column":5}},"76":{"start":{"line":124,"column":24},"end":{"line":124,"column":60}},"77":{"start":{"line":125,"column":19},"end":{"line":129,"column":7}},"78":{"start":{"line":131,"column":18},"end":{"line":135,"column":8}},"79":{"start":{"line":137,"column":6},"end":{"line":146,"column":7}},"80":{"start":{"line":138,"column":23},"end":{"line":138,"column":39}},"81":{"start":{"line":139,"column":8},"end":{"line":141,"column":9}},"82":{"start":{"line":140,"column":10},"end":{"line":140,"column":57}},"83":{"start":{"line":140,"column":29},"end":{"line":140,"column":55}},"84":{"start":{"line":142,"column":8},"end":{"line":142,"column":51}},"85":{"start":{"line":143,"column":8},"end":{"line":143,"column":28}},"86":{"start":{"line":145,"column":8},"end":{"line":145,"column":45}},"87":{"start":{"line":148,"column":6},"end":{"line":148,"column":55}},"88":{"start":{"line":149,"column":6},"end":{"line":149,"column":43}},"89":{"start":{"line":153,"column":25},"end":{"line":198,"column":1}},"90":{"start":{"line":154,"column":2},"end":{"line":154,"column":21}},"91":{"start":{"line":156,"column":2},"end":{"line":197,"column":3}},"92":{"start":{"line":157,"column":20},"end":{"line":157,"column":40}},"93":{"start":{"line":158,"column":4},"end":{"line":160,"column":5}},"94":{"start":{"line":159,"column":6},"end":{"line":159,"column":55}},"95":{"start":{"line":162,"column":17},"end":{"line":166,"column":5}},"96":{"start":{"line":168,"column":16},"end":{"line":172,"column":6}},"97":{"start":{"line":174,"column":4},"end":{"line":181,"column":5}},"98":{"start":{"line":175,"column":6},"end":{"line":177,"column":12}},"99":{"start":{"line":176,"column":8},"end":{"line":176,"column":48}},"100":{"start":{"line":180,"column":6},"end":{"line":180,"column":13}},"101":{"start":{"line":183,"column":4},"end":{"line":183,"column":81}},"102":{"start":{"line":183,"column":23},"end":{"line":183,"column":79}},"103":{"start":{"line":183,"column":37},"end":{"line":183,"column":78}},"104":{"start":{"line":184,"column":4},"end":{"line":184,"column":50}},"105":{"start":{"line":185,"column":4},"end":{"line":188,"column":53}},"106":{"start":{"line":186,"column":6},"end":{"line":186,"column":26}},"107":{"start":{"line":187,"column":6},"end":{"line":187,"column":20}},"108":{"start":{"line":191,"column":4},"end":{"line":191,"column":56}},"109":{"start":{"line":192,"column":4},"end":{"line":194,"column":10}},"110":{"start":{"line":193,"column":6},"end":{"line":193,"column":46}},"111":{"start":{"line":201,"column":25},"end":{"line":216,"column":3}},"112":{"start":{"line":202,"column":22},"end":{"line":202,"column":80}},"113":{"start":{"line":203,"column":4},"end":{"line":203,"column":27}},"114":{"start":{"line":203,"column":20},"end":{"line":203,"column":27}},"115":{"start":{"line":205,"column":4},"end":{"line":215,"column":5}},"116":{"start":{"line":206,"column":18},"end":{"line":206,"column":71}},"117":{"start":{"line":207,"column":6},"end":{"line":211,"column":7}},"118":{"start":{"line":208,"column":8},"end":{"line":208,"column":58}},"119":{"start":{"line":208,"column":27},"end":{"line":208,"column":56}},"120":{"start":{"line":208,"column":44},"end":{"line":208,"column":55}},"121":{"start":{"line":209,"column":8},"end":{"line":209,"column":52}},"122":{"start":{"line":213,"column":6},"end":{"line":213,"column":56}},"123":{"start":{"line":214,"column":6},"end":{"line":214,"column":44}},"124":{"start":{"line":218,"column":27},"end":{"line":220,"column":3}},"125":{"start":{"line":219,"column":4},"end":{"line":219,"column":59}},"126":{"start":{"line":221,"column":2},"end":{"line":434,"column":4}},"127":{"start":{"line":228,"column":31},"end":{"line":228,"column":48}},"128":{"start":{"line":229,"column":31},"end":{"line":229,"column":50}},"129":{"start":{"line":230,"column":31},"end":{"line":230,"column":51}},"130":{"start":{"line":231,"column":31},"end":{"line":231,"column":49}},"131":{"start":{"line":241,"column":100},"end":{"line":241,"column":115}},"132":{"start":{"line":241,"column":116},"end":{"line":241,"column":136}},"133":{"start":{"line":241,"column":137},"end":{"line":241,"column":194}},"134":{"start":{"line":241,"column":162},"end":{"line":241,"column":191}},"135":{"start":{"line":247,"column":80},"end":{"line":247,"column":112}},"136":{"start":{"line":247,"column":113},"end":{"line":247,"column":182}},"137":{"start":{"line":247,"column":138},"end":{"line":247,"column":179}},"138":{"start":{"line":250,"column":18},"end":{"line":250,"column":62}},"139":{"start":{"line":269,"column":29},"end":{"line":269,"column":56}},"140":{"start":{"line":284,"column":16},"end":{"line":297,"column":21}},"141":{"start":{"line":295,"column":43},"end":{"line":295,"column":69}},"142":{"start":{"line":340,"column":10},"end":{"line":340,"column":25}},"143":{"start":{"line":341,"column":10},"end":{"line":341,"column":30}},"144":{"start":{"line":342,"column":10},"end":{"line":342,"column":67}},"145":{"start":{"line":342,"column":35},"end":{"line":342,"column":64}},"146":{"start":{"line":358,"column":14},"end":{"line":358,"column":46}},"147":{"start":{"line":359,"column":14},"end":{"line":359,"column":83}},"148":{"start":{"line":359,"column":39},"end":{"line":359,"column":80}},"149":{"start":{"line":365,"column":14},"end":{"line":365,"column":58}},"150":{"start":{"line":381,"column":8},"end":{"line":381,"column":28}},"151":{"start":{"line":382,"column":8},"end":{"line":382,"column":26}},"152":{"start":{"line":396,"column":29},"end":{"line":396,"column":56}},"153":{"start":{"line":411,"column":16},"end":{"line":424,"column":21}},"154":{"start":{"line":422,"column":43},"end":{"line":422,"column":63}}},"fnMap":{"0":{"name":"(anonymous_0)","decl":{"start":{"line":5,"column":24},"end":{"line":5,"column":25}},"loc":{"start":{"line":5,"column":30},"end":{"line":435,"column":1}},"line":5},"1":{"name":"(anonymous_1)","decl":{"start":{"line":16,"column":10},"end":{"line":16,"column":11}},"loc":{"start":{"line":16,"column":16},"end":{"line":18,"column":1}},"line":16},"2":{"name":"(anonymous_2)","decl":{"start":{"line":21,"column":10},"end":{"line":21,"column":11}},"loc":{"start":{"line":21,"column":16},"end":{"line":27,"column":1}},"line":21},"3":{"name":"(anonymous_3)","decl":{"start":{"line":24,"column":29},"end":{"line":24,"column":30}},"loc":{"start":{"line":24,"column":35},"end":{"line":24,"column":48}},"line":24},"4":{"name":"(anonymous_4)","decl":{"start":{"line":25,"column":11},"end":{"line":25,"column":12}},"loc":{"start":{"line":25,"column":17},"end":{"line":25,"column":36}},"line":25},"5":{"name":"(anonymous_5)","decl":{"start":{"line":32,"column":25},"end":{"line":32,"column":26}},"loc":{"start":{"line":32,"column":37},"end":{"line":48,"column":3}},"line":32},"6":{"name":"(anonymous_6)","decl":{"start":{"line":39,"column":51},"end":{"line":39,"column":52}},"loc":{"start":{"line":39,"column":67},"end":{"line":39,"column":81}},"line":39},"7":{"name":"(anonymous_7)","decl":{"start":{"line":43,"column":17},"end":{"line":43,"column":18}},"loc":{"start":{"line":43,"column":23},"end":{"line":46,"column":7}},"line":43},"8":{"name":"(anonymous_8)","decl":{"start":{"line":50,"column":33},"end":{"line":50,"column":34}},"loc":{"start":{"line":50,"column":52},"end":{"line":64,"column":3}},"line":50},"9":{"name":"(anonymous_9)","decl":{"start":{"line":71,"column":23},"end":{"line":71,"column":24}},"loc":{"start":{"line":71,"column":30},"end":{"line":73,"column":3}},"line":71},"10":{"name":"(anonymous_10)","decl":{"start":{"line":75,"column":22},"end":{"line":75,"column":23}},"loc":{"start":{"line":75,"column":29},"end":{"line":78,"column":3}},"line":75},"11":{"name":"(anonymous_11)","decl":{"start":{"line":77,"column":18},"end":{"line":77,"column":19}},"loc":{"start":{"line":77,"column":29},"end":{"line":77,"column":55}},"line":77},"12":{"name":"(anonymous_12)","decl":{"start":{"line":80,"column":28},"end":{"line":80,"column":29}},"loc":{"start":{"line":80,"column":34},"end":{"line":86,"column":3}},"line":80},"13":{"name":"(anonymous_13)","decl":{"start":{"line":88,"column":26},"end":{"line":88,"column":27}},"loc":{"start":{"line":88,"column":42},"end":{"line":95,"column":3}},"line":88},"14":{"name":"(anonymous_14)","decl":{"start":{"line":97,"column":31},"end":{"line":97,"column":32}},"loc":{"start":{"line":97,"column":45},"end":{"line":117,"column":3}},"line":97},"15":{"name":"(anonymous_15)","decl":{"start":{"line":101,"column":19},"end":{"line":101,"column":20}},"loc":{"start":{"line":101,"column":25},"end":{"line":103,"column":9}},"line":101},"16":{"name":"(anonymous_16)","decl":{"start":{"line":113,"column":17},"end":{"line":113,"column":18}},"loc":{"start":{"line":113,"column":23},"end":{"line":115,"column":7}},"line":113},"17":{"name":"(anonymous_17)","decl":{"start":{"line":119,"column":24},"end":{"line":119,"column":25}},"loc":{"start":{"line":119,"column":37},"end":{"line":151,"column":3}},"line":119},"18":{"name":"(anonymous_18)","decl":{"start":{"line":140,"column":21},"end":{"line":140,"column":22}},"loc":{"start":{"line":140,"column":29},"end":{"line":140,"column":55}},"line":140},"19":{"name":"(anonymous_19)","decl":{"start":{"line":153,"column":25},"end":{"line":153,"column":26}},"loc":{"start":{"line":153,"column":38},"end":{"line":198,"column":1}},"line":153},"20":{"name":"(anonymous_20)","decl":{"start":{"line":175,"column":17},"end":{"line":175,"column":18}},"loc":{"start":{"line":175,"column":23},"end":{"line":177,"column":7}},"line":175},"21":{"name":"(anonymous_21)","decl":{"start":{"line":183,"column":15},"end":{"line":183,"column":16}},"loc":{"start":{"line":183,"column":23},"end":{"line":183,"column":79}},"line":183},"22":{"name":"(anonymous_22)","decl":{"start":{"line":183,"column":32},"end":{"line":183,"column":33}},"loc":{"start":{"line":183,"column":37},"end":{"line":183,"column":78}},"line":183},"23":{"name":"(anonymous_23)","decl":{"start":{"line":185,"column":15},"end":{"line":185,"column":16}},"loc":{"start":{"line":185,"column":21},"end":{"line":188,"column":5}},"line":185},"24":{"name":"(anonymous_24)","decl":{"start":{"line":192,"column":15},"end":{"line":192,"column":16}},"loc":{"start":{"line":192,"column":21},"end":{"line":194,"column":5}},"line":192},"25":{"name":"(anonymous_25)","decl":{"start":{"line":201,"column":25},"end":{"line":201,"column":26}},"loc":{"start":{"line":201,"column":39},"end":{"line":216,"column":3}},"line":201},"26":{"name":"(anonymous_26)","decl":{"start":{"line":208,"column":19},"end":{"line":208,"column":20}},"loc":{"start":{"line":208,"column":27},"end":{"line":208,"column":56}},"line":208},"27":{"name":"(anonymous_27)","decl":{"start":{"line":208,"column":39},"end":{"line":208,"column":40}},"loc":{"start":{"line":208,"column":44},"end":{"line":208,"column":55}},"line":208},"28":{"name":"(anonymous_28)","decl":{"start":{"line":218,"column":42},"end":{"line":218,"column":43}},"loc":{"start":{"line":219,"column":4},"end":{"line":219,"column":59}},"line":219},"29":{"name":"(anonymous_29)","decl":{"start":{"line":228,"column":25},"end":{"line":228,"column":26}},"loc":{"start":{"line":228,"column":31},"end":{"line":228,"column":48}},"line":228},"30":{"name":"(anonymous_30)","decl":{"start":{"line":229,"column":25},"end":{"line":229,"column":26}},"loc":{"start":{"line":229,"column":31},"end":{"line":229,"column":50}},"line":229},"31":{"name":"(anonymous_31)","decl":{"start":{"line":230,"column":25},"end":{"line":230,"column":26}},"loc":{"start":{"line":230,"column":31},"end":{"line":230,"column":51}},"line":230},"32":{"name":"(anonymous_32)","decl":{"start":{"line":231,"column":25},"end":{"line":231,"column":26}},"loc":{"start":{"line":231,"column":31},"end":{"line":231,"column":49}},"line":231},"33":{"name":"(anonymous_33)","decl":{"start":{"line":241,"column":91},"end":{"line":241,"column":92}},"loc":{"start":{"line":241,"column":98},"end":{"line":241,"column":196}},"line":241},"34":{"name":"(anonymous_34)","decl":{"start":{"line":241,"column":151},"end":{"line":241,"column":152}},"loc":{"start":{"line":241,"column":162},"end":{"line":241,"column":191}},"line":241},"35":{"name":"(anonymous_35)","decl":{"start":{"line":247,"column":71},"end":{"line":247,"column":72}},"loc":{"start":{"line":247,"column":78},"end":{"line":247,"column":184}},"line":247},"36":{"name":"(anonymous_36)","decl":{"start":{"line":247,"column":127},"end":{"line":247,"column":128}},"loc":{"start":{"line":247,"column":138},"end":{"line":247,"column":179}},"line":247},"37":{"name":"(anonymous_37)","decl":{"start":{"line":249,"column":69},"end":{"line":249,"column":70}},"loc":{"start":{"line":250,"column":18},"end":{"line":250,"column":62}},"line":250},"38":{"name":"(anonymous_38)","decl":{"start":{"line":269,"column":22},"end":{"line":269,"column":23}},"loc":{"start":{"line":269,"column":29},"end":{"line":269,"column":56}},"line":269},"39":{"name":"(anonymous_39)","decl":{"start":{"line":283,"column":36},"end":{"line":283,"column":37}},"loc":{"start":{"line":284,"column":16},"end":{"line":297,"column":21}},"line":284},"40":{"name":"(anonymous_40)","decl":{"start":{"line":295,"column":37},"end":{"line":295,"column":38}},"loc":{"start":{"line":295,"column":43},"end":{"line":295,"column":69}},"line":295},"41":{"name":"(anonymous_41)","decl":{"start":{"line":339,"column":18},"end":{"line":339,"column":19}},"loc":{"start":{"line":339,"column":25},"end":{"line":343,"column":9}},"line":339},"42":{"name":"(anonymous_42)","decl":{"start":{"line":342,"column":24},"end":{"line":342,"column":25}},"loc":{"start":{"line":342,"column":35},"end":{"line":342,"column":64}},"line":342},"43":{"name":"(anonymous_43)","decl":{"start":{"line":357,"column":22},"end":{"line":357,"column":23}},"loc":{"start":{"line":357,"column":29},"end":{"line":360,"column":13}},"line":357},"44":{"name":"(anonymous_44)","decl":{"start":{"line":359,"column":28},"end":{"line":359,"column":29}},"loc":{"start":{"line":359,"column":39},"end":{"line":359,"column":80}},"line":359},"45":{"name":"(anonymous_45)","decl":{"start":{"line":364,"column":65},"end":{"line":364,"column":66}},"loc":{"start":{"line":365,"column":14},"end":{"line":365,"column":58}},"line":365},"46":{"name":"(anonymous_46)","decl":{"start":{"line":380,"column":37},"end":{"line":380,"column":38}},"loc":{"start":{"line":380,"column":43},"end":{"line":383,"column":7}},"line":380},"47":{"name":"(anonymous_47)","decl":{"start":{"line":396,"column":22},"end":{"line":396,"column":23}},"loc":{"start":{"line":396,"column":29},"end":{"line":396,"column":56}},"line":396},"48":{"name":"(anonymous_48)","decl":{"start":{"line":410,"column":36},"end":{"line":410,"column":37}},"loc":{"start":{"line":411,"column":16},"end":{"line":424,"column":21}},"line":411},"49":{"name":"(anonymous_49)","decl":{"start":{"line":422,"column":37},"end":{"line":422,"column":38}},"loc":{"start":{"line":422,"column":43},"end":{"line":422,"column":63}},"line":422}},"branchMap":{"0":{"loc":{"start":{"line":22,"column":2},"end":{"line":26,"column":3}},"type":"if","locations":[{"start":{"line":22,"column":2},"end":{"line":26,"column":3}},{"start":{},"end":{}}],"line":22},"1":{"loc":{"start":{"line":23,"column":19},"end":{"line":23,"column":64}},"type":"cond-expr","locations":[{"start":{"line":23,"column":53},"end":{"line":23,"column":57}},{"start":{"line":23,"column":60},"end":{"line":23,"column":64}}],"line":23},"2":{"loc":{"start":{"line":35,"column":6},"end":{"line":37,"column":7}},"type":"if","locations":[{"start":{"line":35,"column":6},"end":{"line":37,"column":7}},{"start":{},"end":{}}],"line":35},"3":{"loc":{"start":{"line":39,"column":35},"end":{"line":39,"column":45}},"type":"binary-expr","locations":[{"start":{"line":39,"column":35},"end":{"line":39,"column":39}},{"start":{"line":39,"column":43},"end":{"line":39,"column":45}}],"line":39},"4":{"loc":{"start":{"line":100,"column":6},"end":{"line":105,"column":7}},"type":"if","locations":[{"start":{"line":100,"column":6},"end":{"line":105,"column":7}},{"start":{},"end":{}}],"line":100},"5":{"loc":{"start":{"line":108,"column":22},"end":{"line":108,"column":45}},"type":"binary-expr","locations":[{"start":{"line":108,"column":22},"end":{"line":108,"column":39}},{"start":{"line":108,"column":43},"end":{"line":108,"column":45}}],"line":108},"6":{"loc":{"start":{"line":121,"column":4},"end":{"line":121,"column":59}},"type":"if","locations":[{"start":{"line":121,"column":4},"end":{"line":121,"column":59}},{"start":{},"end":{}}],"line":121},"7":{"loc":{"start":{"line":137,"column":6},"end":{"line":146,"column":7}},"type":"if","locations":[{"start":{"line":137,"column":6},"end":{"line":146,"column":7}},{"start":{"line":144,"column":13},"end":{"line":146,"column":7}}],"line":137},"8":{"loc":{"start":{"line":139,"column":8},"end":{"line":141,"column":9}},"type":"if","locations":[{"start":{"line":139,"column":8},"end":{"line":141,"column":9}},{"start":{},"end":{}}],"line":139},"9":{"loc":{"start":{"line":158,"column":4},"end":{"line":160,"column":5}},"type":"if","locations":[{"start":{"line":158,"column":4},"end":{"line":160,"column":5}},{"start":{},"end":{}}],"line":158},"10":{"loc":{"start":{"line":174,"column":4},"end":{"line":181,"column":5}},"type":"if","locations":[{"start":{"line":174,"column":4},"end":{"line":181,"column":5}},{"start":{},"end":{}}],"line":174},"11":{"loc":{"start":{"line":183,"column":37},"end":{"line":183,"column":78}},"type":"cond-expr","locations":[{"start":{"line":183,"column":57},"end":{"line":183,"column":74}},{"start":{"line":183,"column":77},"end":{"line":183,"column":78}}],"line":183},"12":{"loc":{"start":{"line":188,"column":7},"end":{"line":188,"column":51}},"type":"cond-expr","locations":[{"start":{"line":188,"column":41},"end":{"line":188,"column":44}},{"start":{"line":188,"column":47},"end":{"line":188,"column":51}}],"line":188},"13":{"loc":{"start":{"line":203,"column":4},"end":{"line":203,"column":27}},"type":"if","locations":[{"start":{"line":203,"column":4},"end":{"line":203,"column":27}},{"start":{},"end":{}}],"line":203},"14":{"loc":{"start":{"line":207,"column":6},"end":{"line":211,"column":7}},"type":"if","locations":[{"start":{"line":207,"column":6},"end":{"line":211,"column":7}},{"start":{},"end":{}}],"line":207},"15":{"loc":{"start":{"line":234,"column":7},"end":{"line":259,"column":7}},"type":"binary-expr","locations":[{"start":{"line":234,"column":7},"end":{"line":234,"column":24}},{"start":{"line":235,"column":8},"end":{"line":258,"column":14}}],"line":234},"16":{"loc":{"start":{"line":237,"column":11},"end":{"line":237,"column":72}},"type":"binary-expr","locations":[{"start":{"line":237,"column":11},"end":{"line":237,"column":17}},{"start":{"line":237,"column":21},"end":{"line":237,"column":72}}],"line":237},"17":{"loc":{"start":{"line":246,"column":13},"end":{"line":253,"column":13}},"type":"binary-expr","locations":[{"start":{"line":246,"column":13},"end":{"line":246,"column":33}},{"start":{"line":247,"column":14},"end":{"line":252,"column":23}}],"line":246},"18":{"loc":{"start":{"line":255,"column":13},"end":{"line":255,"column":64}},"type":"binary-expr","locations":[{"start":{"line":255,"column":13},"end":{"line":255,"column":19}},{"start":{"line":255,"column":23},"end":{"line":255,"column":64}}],"line":255},"19":{"loc":{"start":{"line":262,"column":7},"end":{"line":305,"column":7}},"type":"binary-expr","locations":[{"start":{"line":262,"column":7},"end":{"line":262,"column":26}},{"start":{"line":263,"column":8},"end":{"line":304,"column":14}}],"line":262},"20":{"loc":{"start":{"line":265,"column":11},"end":{"line":265,"column":72}},"type":"binary-expr","locations":[{"start":{"line":265,"column":11},"end":{"line":265,"column":17}},{"start":{"line":265,"column":21},"end":{"line":265,"column":72}}],"line":265},"21":{"loc":{"start":{"line":287,"column":21},"end":{"line":289,"column":36}},"type":"cond-expr","locations":[{"start":{"line":288,"column":22},"end":{"line":288,"column":101}},{"start":{"line":289,"column":24},"end":{"line":289,"column":36}}],"line":287},"22":{"loc":{"start":{"line":299,"column":15},"end":{"line":301,"column":15}},"type":"binary-expr","locations":[{"start":{"line":299,"column":15},"end":{"line":299,"column":44}},{"start":{"line":300,"column":16},"end":{"line":300,"column":71}}],"line":299},"23":{"loc":{"start":{"line":307,"column":1},"end":{"line":386,"column":1}},"type":"binary-expr","locations":[{"start":{"line":307,"column":1},"end":{"line":307,"column":21}},{"start":{"line":307,"column":25},"end":{"line":307,"column":33}},{"start":{"line":308,"column":2},"end":{"line":385,"column":8}}],"line":307},"24":{"loc":{"start":{"line":311,"column":5},"end":{"line":311,"column":66}},"type":"binary-expr","locations":[{"start":{"line":311,"column":5},"end":{"line":311,"column":11}},{"start":{"line":311,"column":15},"end":{"line":311,"column":66}}],"line":311},"25":{"loc":{"start":{"line":351,"column":7},"end":{"line":369,"column":7}},"type":"binary-expr","locations":[{"start":{"line":351,"column":7},"end":{"line":351,"column":27}},{"start":{"line":352,"column":8},"end":{"line":368,"column":11}}],"line":351},"26":{"loc":{"start":{"line":375,"column":7},"end":{"line":377,"column":7}},"type":"binary-expr","locations":[{"start":{"line":375,"column":7},"end":{"line":375,"column":27}},{"start":{"line":376,"column":8},"end":{"line":376,"column":92}}],"line":375},"27":{"loc":{"start":{"line":389,"column":7},"end":{"line":432,"column":7}},"type":"binary-expr","locations":[{"start":{"line":389,"column":7},"end":{"line":389,"column":25}},{"start":{"line":390,"column":8},"end":{"line":431,"column":14}}],"line":389},"28":{"loc":{"start":{"line":392,"column":11},"end":{"line":392,"column":72}},"type":"binary-expr","locations":[{"start":{"line":392,"column":11},"end":{"line":392,"column":17}},{"start":{"line":392,"column":21},"end":{"line":392,"column":72}}],"line":392},"29":{"loc":{"start":{"line":414,"column":21},"end":{"line":416,"column":36}},"type":"cond-expr","locations":[{"start":{"line":415,"column":22},"end":{"line":415,"column":101}},{"start":{"line":416,"column":24},"end":{"line":416,"column":36}}],"line":414},"30":{"loc":{"start":{"line":426,"column":15},"end":{"line":428,"column":15}},"type":"binary-expr","locations":[{"start":{"line":426,"column":15},"end":{"line":426,"column":44}},{"start":{"line":427,"column":16},"end":{"line":427,"column":71}}],"line":426}},"s":{"0":2,"1":92,"2":92,"3":92,"4":92,"5":92,"6":92,"7":92,"8":92,"9":92,"10":27,"11":92,"12":37,"13":10,"14":10,"15":0,"16":10,"17":10,"18":92,"19":92,"20":27,"21":27,"22":21,"23":1,"24":15,"25":15,"26":16,"27":15,"28":10,"29":10,"30":10,"31":10,"32":92,"33":0,"34":0,"35":0,"36":0,"37":0,"38":0,"39":0,"40":0,"41":92,"42":92,"43":1,"44":92,"45":7,"46":7,"47":7,"48":92,"49":2,"50":2,"51":2,"52":2,"53":92,"54":0,"55":0,"56":92,"57":10,"58":10,"59":10,"60":2,"61":2,"62":2,"63":8,"64":8,"65":8,"66":8,"67":8,"68":0,"69":0,"70":0,"71":92,"72":2,"73":2,"74":2,"75":0,"76":0,"77":0,"78":0,"79":0,"80":0,"81":0,"82":0,"83":0,"84":0,"85":0,"86":0,"87":0,"88":0,"89":92,"90":2,"91":2,"92":2,"93":2,"94":0,"95":2,"96":2,"97":2,"98":1,"99":1,"100":1,"101":1,"102":1,"103":1,"104":1,"105":1,"106":1,"107":1,"108":0,"109":0,"110":0,"111":92,"112":1,"113":1,"114":0,"115":1,"116":1,"117":1,"118":1,"119":1,"120":1,"121":1,"122":0,"123":0,"124":92,"125":44,"126":92,"127":3,"128":13,"129":4,"130":3,"131":2,"132":2,"133":2,"134":2,"135":0,"136":0,"137":0,"138":9,"139":2,"140":17,"141":10,"142":1,"143":1,"144":1,"145":1,"146":1,"147":1,"148":1,"149":51,"150":1,"151":1,"152":0,"153":1,"154":1},"f":{"0":92,"1":27,"2":37,"3":0,"4":10,"5":27,"6":16,"7":10,"8":0,"9":1,"10":7,"11":7,"12":2,"13":0,"14":10,"15":2,"16":0,"17":2,"18":0,"19":2,"20":1,"21":1,"22":1,"23":1,"24":0,"25":1,"26":1,"27":1,"28":44,"29":3,"30":13,"31":4,"32":3,"33":2,"34":2,"35":0,"36":0,"37":9,"38":2,"39":17,"40":10,"41":1,"42":1,"43":1,"44":1,"45":51,"46":1,"47":0,"48":1,"49":1},"b":{"0":[10,27],"1":[10,0],"2":[1,15],"3":[15,0],"4":[2,8],"5":[8,0],"6":[2,0],"7":[0,0],"8":[0,0],"9":[0,2],"10":[1,1],"11":[1,0],"12":[1,0],"13":[0,1],"14":[1,0],"15":[92,42],"16":[42,5],"17":[42,3],"18":[42,0],"19":[92,25],"20":[25,0],"21":[9,8],"22":[25,10],"23":[92,18,17],"24":[17,2],"25":[17,17],"26":[17,15],"27":[92,7],"28":[7,3],"29":[1,0],"30":[7,6]},"_coverageSchema":"1a1c01bbd47fc00a2c39e90264f33305004495a9","hash":"3a2757003335b9d9a31fe9564121dbfa2643fdf9"}
,"E:\\git\\Reutilizable\\Trabajo_Integracion_Tienda_Catalogos_art3d\\Frontend\\src\\components\\ContactBanner\\ContactBanner.js": {"path":"E:\\git\\Reutilizable\\Trabajo_Integracion_Tienda_Catalogos_art3d\\Frontend\\src\\components\\ContactBanner\\ContactBanner.js","statementMap":{"0":{"start":{"line":5,"column":2},"end":{"line":29,"column":4}}},"fnMap":{"0":{"name":"ContactBanner","decl":{"start":{"line":4,"column":9},"end":{"line":4,"column":22}},"loc":{"start":{"line":4,"column":25},"end":{"line":30,"column":1}},"line":4}},"branchMap":{},"s":{"0":5},"f":{"0":5},"b":{},"_coverageSchema":"1a1c01bbd47fc00a2c39e90264f33305004495a9","hash":"78fceb1cf3459378119b7eb76b4363f261730dfa"}
,"E:\\git\\Reutilizable\\Trabajo_Integracion_Tienda_Catalogos_art3d\\Frontend\\src\\components\\HeroCarrusel\\HeroCarrusel.js": {"path":"E:\\git\\Reutilizable\\Trabajo_Integracion_Tienda_Catalogos_art3d\\Frontend\\src\\components\\HeroCarrusel\\HeroCarrusel.js","statementMap":{"0":{"start":{"line":7,"column":17},"end":{"line":7,"column":44}},"1":{"start":{"line":10,"column":28},"end":{"line":10,"column":39}},"2":{"start":{"line":12,"column":15},"end":{"line":12,"column":69}},"3":{"start":{"line":12,"column":21},"end":{"line":12,"column":69}},"4":{"start":{"line":12,"column":40},"end":{"line":12,"column":68}},"5":{"start":{"line":13,"column":15},"end":{"line":13,"column":87}},"6":{"start":{"line":13,"column":21},"end":{"line":13,"column":87}},"7":{"start":{"line":13,"column":40},"end":{"line":13,"column":86}},"8":{"start":{"line":16,"column":2},"end":{"line":22,"column":9}},"9":{"start":{"line":17,"column":18},"end":{"line":19,"column":13}},"10":{"start":{"line":18,"column":6},"end":{"line":18,"column":13}},"11":{"start":{"line":21,"column":4},"end":{"line":21,"column":38}},"12":{"start":{"line":21,"column":17},"end":{"line":21,"column":37}},"13":{"start":{"line":24,"column":2},"end":{"line":31,"column":4}}},"fnMap":{"0":{"name":"HeroCarrusel","decl":{"start":{"line":9,"column":9},"end":{"line":9,"column":21}},"loc":{"start":{"line":9,"column":24},"end":{"line":32,"column":1}},"line":9},"1":{"name":"(anonymous_1)","decl":{"start":{"line":12,"column":15},"end":{"line":12,"column":16}},"loc":{"start":{"line":12,"column":21},"end":{"line":12,"column":69}},"line":12},"2":{"name":"(anonymous_2)","decl":{"start":{"line":12,"column":30},"end":{"line":12,"column":31}},"loc":{"start":{"line":12,"column":40},"end":{"line":12,"column":68}},"line":12},"3":{"name":"(anonymous_3)","decl":{"start":{"line":13,"column":15},"end":{"line":13,"column":16}},"loc":{"start":{"line":13,"column":21},"end":{"line":13,"column":87}},"line":13},"4":{"name":"(anonymous_4)","decl":{"start":{"line":13,"column":30},"end":{"line":13,"column":31}},"loc":{"start":{"line":13,"column":40},"end":{"line":13,"column":86}},"line":13},"5":{"name":"(anonymous_5)","decl":{"start":{"line":16,"column":12},"end":{"line":16,"column":13}},"loc":{"start":{"line":16,"column":18},"end":{"line":22,"column":3}},"line":16},"6":{"name":"(anonymous_6)","decl":{"start":{"line":17,"column":30},"end":{"line":17,"column":31}},"loc":{"start":{"line":17,"column":36},"end":{"line":19,"column":5}},"line":17},"7":{"name":"(anonymous_7)","decl":{"start":{"line":21,"column":11},"end":{"line":21,"column":12}},"loc":{"start":{"line":21,"column":17},"end":{"line":21,"column":37}},"line":21}},"branchMap":{},"s":{"0":2,"1":8,"2":8,"3":2,"4":2,"5":8,"6":1,"7":1,"8":8,"9":5,"10":1,"11":5,"12":5,"13":8},"f":{"0":8,"1":2,"2":2,"3":1,"4":1,"5":5,"6":1,"7":5},"b":{},"_coverageSchema":"1a1c01bbd47fc00a2c39e90264f33305004495a9","hash":"5f01ffeac34c32b12276a4e9916e27e98875d540"}
,"E:\\git\\Reutilizable\\Trabajo_Integracion_Tienda_Catalogos_art3d\\Frontend\\src\\components\\Navbar\\Navbar.js": {"path":"E:\\git\\Reutilizable\\Trabajo_Integracion_Tienda_Catalogos_art3d\\Frontend\\src\\components\\Navbar\\Navbar.js","statementMap":{"0":{"start":{"line":5,"column":2},"end":{"line":39,"column":4}}},"fnMap":{"0":{"name":"Navbar","decl":{"start":{"line":4,"column":9},"end":{"line":4,"column":15}},"loc":{"start":{"line":4,"column":18},"end":{"line":40,"column":1}},"line":4}},"branchMap":{},"s":{"0":9},"f":{"0":9},"b":{},"_coverageSchema":"1a1c01bbd47fc00a2c39e90264f33305004495a9","hash":"bdb1486528aec90ad8fe430d445f9f3a08d1e548"}
,"E:\\git\\Reutilizable\\Trabajo_Integracion_Tienda_Catalogos_art3d\\Frontend\\src\\components\\ProductCard\\ProductCard.js": {"path":"E:\\git\\Reutilizable\\Trabajo_Integracion_Tienda_Catalogos_art3d\\Frontend\\src\\components\\ProductCard\\ProductCard.js","statementMap":{"0":{"start":{"line":5,"column":2},"end":{"line":19,"column":4}},"1":{"start":{"line":22,"column":0},"end":{"line":31,"column":2}}},"fnMap":{"0":{"name":"ProductCard","decl":{"start":{"line":4,"column":9},"end":{"line":4,"column":20}},"loc":{"start":{"line":4,"column":35},"end":{"line":20,"column":1}},"line":4}},"branchMap":{"0":{"loc":{"start":{"line":8,"column":18},"end":{"line":8,"column":55}},"type":"binary-expr","locations":[{"start":{"line":8,"column":18},"end":{"line":8,"column":33}},{"start":{"line":8,"column":37},"end":{"line":8,"column":55}}],"line":8}},"s":{"0":20,"1":3},"f":{"0":20},"b":{"0":[20,0]},"_coverageSchema":"1a1c01bbd47fc00a2c39e90264f33305004495a9","hash":"8aff53594c844abef5ba41e4c9c0e5d90a5d5a81"}
,"E:\\git\\Reutilizable\\Trabajo_Integracion_Tienda_Catalogos_art3d\\Frontend\\src\\components\\ProductCarrusel\\ProductCarrusel.js": {"path":"E:\\git\\Reutilizable\\Trabajo_Integracion_Tienda_Catalogos_art3d\\Frontend\\src\\components\\ProductCarrusel\\ProductCarrusel.js","statementMap":{"0":{"start":{"line":7,"column":36},"end":{"line":7,"column":55}},"1":{"start":{"line":8,"column":40},"end":{"line":8,"column":55}},"2":{"start":{"line":9,"column":36},"end":{"line":9,"column":50}},"3":{"start":{"line":12,"column":23},"end":{"line":31,"column":3}},"4":{"start":{"line":13,"column":4},"end":{"line":13,"column":28}},"5":{"start":{"line":13,"column":21},"end":{"line":13,"column":28}},"6":{"start":{"line":15,"column":4},"end":{"line":15,"column":22}},"7":{"start":{"line":16,"column":4},"end":{"line":16,"column":25}},"8":{"start":{"line":18,"column":4},"end":{"line":30,"column":12}},"9":{"start":{"line":19,"column":6},"end":{"line":27,"column":9}},"10":{"start":{"line":20,"column":8},"end":{"line":26,"column":9}},"11":{"start":{"line":21,"column":35},"end":{"line":21,"column":39}},"12":{"start":{"line":22,"column":10},"end":{"line":22,"column":34}},"13":{"start":{"line":24,"column":23},"end":{"line":24,"column":44}},"14":{"start":{"line":25,"column":10},"end":{"line":25,"column":46}},"15":{"start":{"line":28,"column":6},"end":{"line":28,"column":28}},"16":{"start":{"line":29,"column":6},"end":{"line":29,"column":25}},"17":{"start":{"line":33,"column":2},"end":{"line":50,"column":4}},"18":{"start":{"line":37,"column":59},"end":{"line":37,"column":79}},"19":{"start":{"line":41,"column":12},"end":{"line":43,"column":18}},"20":{"start":{"line":47,"column":60},"end":{"line":47,"column":81}},"21":{"start":{"line":53,"column":0},"end":{"line":56,"column":2}}},"fnMap":{"0":{"name":"ProductCarrusel","decl":{"start":{"line":6,"column":9},"end":{"line":6,"column":24}},"loc":{"start":{"line":6,"column":59},"end":{"line":51,"column":1}},"line":6},"1":{"name":"(anonymous_1)","decl":{"start":{"line":12,"column":23},"end":{"line":12,"column":24}},"loc":{"start":{"line":12,"column":32},"end":{"line":31,"column":3}},"line":12},"2":{"name":"(anonymous_2)","decl":{"start":{"line":18,"column":15},"end":{"line":18,"column":16}},"loc":{"start":{"line":18,"column":21},"end":{"line":30,"column":5}},"line":18},"3":{"name":"(anonymous_3)","decl":{"start":{"line":19,"column":19},"end":{"line":19,"column":20}},"loc":{"start":{"line":19,"column":29},"end":{"line":27,"column":7}},"line":19},"4":{"name":"(anonymous_4)","decl":{"start":{"line":37,"column":53},"end":{"line":37,"column":54}},"loc":{"start":{"line":37,"column":59},"end":{"line":37,"column":79}},"line":37},"5":{"name":"(anonymous_5)","decl":{"start":{"line":40,"column":25},"end":{"line":40,"column":26}},"loc":{"start":{"line":41,"column":12},"end":{"line":43,"column":18}},"line":41},"6":{"name":"(anonymous_6)","decl":{"start":{"line":47,"column":54},"end":{"line":47,"column":55}},"loc":{"start":{"line":47,"column":60},"end":{"line":47,"column":81}},"line":47}},"branchMap":{"0":{"loc":{"start":{"line":13,"column":4},"end":{"line":13,"column":28}},"type":"if","locations":[{"start":{"line":13,"column":4},"end":{"line":13,"column":28}},{"start":{},"end":{}}],"line":13},"1":{"loc":{"start":{"line":20,"column":8},"end":{"line":26,"column":9}},"type":"if","locations":[{"start":{"line":20,"column":8},"end":{"line":26,"column":9}},{"start":{"line":23,"column":15},"end":{"line":26,"column":9}}],"line":20},"2":{"loc":{"start":{"line":39,"column":36},"end":{"line":39,"column":78}},"type":"cond-expr","locations":[{"start":{"line":39,"column":59},"end":{"line":39,"column":73}},{"start":{"line":39,"column":76},"end":{"line":39,"column":78}}],"line":39},"3":{"loc":{"start":{"line":39,"column":82},"end":{"line":39,"column":126}},"type":"cond-expr","locations":[{"start":{"line":39,"column":106},"end":{"line":39,"column":121}},{"start":{"line":39,"column":124},"end":{"line":39,"column":126}}],"line":39}},"s":{"0":9,"1":9,"2":9,"3":9,"4":2,"5":0,"6":2,"7":2,"8":2,"9":2,"10":2,"11":1,"12":1,"13":1,"14":1,"15":2,"16":2,"17":9,"18":1,"19":18,"20":1,"21":2},"f":{"0":9,"1":2,"2":2,"3":2,"4":1,"5":18,"6":1},"b":{"0":[0,2],"1":[1,1],"2":[1,8],"3":[1,8]},"_coverageSchema":"1a1c01bbd47fc00a2c39e90264f33305004495a9","hash":"a6c8125a24e1c5d3c9b412f77165c0c79b8daa11"}
}
