TN:
SF:src\App.js
FN:9,App
FN:10,(anonymous_1)
FNF:2
FNH:2
FNDA:4,App
FNDA:4,(anonymous_1)
DA:10,4
DA:11,4
DA:37,4
LF:3
LH:3
BRF:0
BRH:0
end_of_record
TN:
SF:src\index.js
FNF:0
FNH:0
DA:6,0
DA:7,0
LF:2
LH:0
BRF:0
BRH:0
end_of_record
TN:
SF:src\Pages\Design\Design.js
FN:3,Diseno
FNF:1
FNH:1
FNDA:1,Diseno
DA:4,1
LF:1
LH:1
BRF:0
BRH:0
end_of_record
TN:
SF:src\Pages\Home\Home.js
FN:8,Home
FN:12,(anonymous_1)
FN:13,(anonymous_2)
FN:18,(anonymous_3)
FN:48,(anonymous_4)
FNF:5
FNH:5
FNDA:4,Home
FNDA:3,(anonymous_1)
FNDA:3,(anonymous_2)
FNDA:2,(anonymous_3)
FNDA:2,(anonymous_4)
DA:9,4
DA:10,4
DA:12,4
DA:13,3
DA:14,3
DA:15,3
DA:16,3
DA:17,1
DA:18,2
DA:24,1
DA:25,1
DA:27,1
DA:28,1
DA:29,1
DA:33,3
DA:36,4
DA:49,2
LF:17
LH:17
BRDA:18,0,0,1
BRDA:18,0,1,0
BRDA:42,1,0,4
BRDA:42,1,1,1
BRDA:42,1,2,1
BRF:5
BRH:4
end_of_record
TN:
SF:src\Pages\Products\Products.js
FNF:0
FNH:0
LF:0
LH:0
BRF:0
BRH:0
end_of_record
TN:
SF:src\Pages\admin\CatalogoFiguras.js
FN:5,(anonymous_0)
FN:16,(anonymous_1)
FN:21,(anonymous_2)
FN:24,(anonymous_3)
FN:25,(anonymous_4)
FN:32,(anonymous_5)
FN:44,(anonymous_6)
FN:48,(anonymous_7)
FN:55,(anonymous_8)
FN:76,(anonymous_9)
FN:80,(anonymous_10)
FN:82,(anonymous_11)
FN:85,(anonymous_12)
FN:93,(anonymous_13)
FN:102,(anonymous_14)
FN:106,(anonymous_15)
FN:118,(anonymous_16)
FN:124,(anonymous_17)
FN:145,(anonymous_18)
FN:158,(anonymous_19)
FN:180,(anonymous_20)
FN:188,(anonymous_21)
FN:188,(anonymous_22)
FN:190,(anonymous_23)
FN:197,(anonymous_24)
FN:206,(anonymous_25)
FN:213,(anonymous_26)
FN:213,(anonymous_27)
FN:223,(anonymous_28)
FN:233,(anonymous_29)
FN:234,(anonymous_30)
FN:235,(anonymous_31)
FN:236,(anonymous_32)
FN:246,(anonymous_33)
FN:246,(anonymous_34)
FN:252,(anonymous_35)
FN:252,(anonymous_36)
FN:254,(anonymous_37)
FN:274,(anonymous_38)
FN:288,(anonymous_39)
FN:300,(anonymous_40)
FN:344,(anonymous_41)
FN:347,(anonymous_42)
FN:362,(anonymous_43)
FN:364,(anonymous_44)
FN:369,(anonymous_45)
FN:385,(anonymous_46)
FN:401,(anonymous_47)
FN:415,(anonymous_48)
FN:427,(anonymous_49)
FNF:50
FNH:41
FNDA:92,(anonymous_0)
FNDA:27,(anonymous_1)
FNDA:37,(anonymous_2)
FNDA:0,(anonymous_3)
FNDA:10,(anonymous_4)
FNDA:27,(anonymous_5)
FNDA:16,(anonymous_6)
FNDA:10,(anonymous_7)
FNDA:0,(anonymous_8)
FNDA:1,(anonymous_9)
FNDA:7,(anonymous_10)
FNDA:7,(anonymous_11)
FNDA:2,(anonymous_12)
FNDA:0,(anonymous_13)
FNDA:10,(anonymous_14)
FNDA:2,(anonymous_15)
FNDA:0,(anonymous_16)
FNDA:2,(anonymous_17)
FNDA:0,(anonymous_18)
FNDA:2,(anonymous_19)
FNDA:1,(anonymous_20)
FNDA:1,(anonymous_21)
FNDA:1,(anonymous_22)
FNDA:1,(anonymous_23)
FNDA:0,(anonymous_24)
FNDA:1,(anonymous_25)
FNDA:1,(anonymous_26)
FNDA:1,(anonymous_27)
FNDA:44,(anonymous_28)
FNDA:3,(anonymous_29)
FNDA:13,(anonymous_30)
FNDA:4,(anonymous_31)
FNDA:3,(anonymous_32)
FNDA:2,(anonymous_33)
FNDA:2,(anonymous_34)
FNDA:0,(anonymous_35)
FNDA:0,(anonymous_36)
FNDA:9,(anonymous_37)
FNDA:2,(anonymous_38)
FNDA:17,(anonymous_39)
FNDA:10,(anonymous_40)
FNDA:1,(anonymous_41)
FNDA:1,(anonymous_42)
FNDA:1,(anonymous_43)
FNDA:1,(anonymous_44)
FNDA:51,(anonymous_45)
FNDA:1,(anonymous_46)
FNDA:0,(anonymous_47)
FNDA:1,(anonymous_48)
FNDA:1,(anonymous_49)
DA:5,2
DA:6,92
DA:7,92
DA:8,92
DA:9,92
DA:10,92
DA:11,92
DA:12,92
DA:13,92
DA:16,92
DA:17,27
DA:21,92
DA:22,37
DA:23,10
DA:24,10
DA:25,10
DA:30,92
DA:32,92
DA:33,27
DA:34,0
DA:35,0
DA:36,0
DA:38,27
DA:39,27
DA:40,21
DA:41,6
DA:43,15
DA:44,16
DA:45,15
DA:47,10
DA:48,10
DA:49,10
DA:50,10
DA:55,92
DA:56,0
DA:57,0
DA:58,0
DA:59,0
DA:60,0
DA:62,0
DA:67,0
DA:68,0
DA:71,92
DA:76,92
DA:77,1
DA:80,92
DA:81,7
DA:82,7
DA:85,92
DA:86,2
DA:87,2
DA:88,2
DA:89,2
DA:93,92
DA:94,0
DA:99,0
DA:102,92
DA:103,10
DA:104,10
DA:105,10
DA:106,2
DA:107,2
DA:109,2
DA:111,8
DA:112,8
DA:113,8
DA:114,8
DA:115,8
DA:117,0
DA:118,0
DA:119,0
DA:124,92
DA:125,2
DA:126,2
DA:128,0
DA:129,0
DA:130,0
DA:136,0
DA:142,0
DA:143,0
DA:144,0
DA:145,0
DA:147,0
DA:148,0
DA:150,0
DA:153,0
DA:154,0
DA:158,92
DA:159,2
DA:161,2
DA:162,2
DA:163,2
DA:164,0
DA:167,2
DA:173,2
DA:179,2
DA:180,1
DA:181,1
DA:185,1
DA:188,1
DA:189,1
DA:190,1
DA:191,1
DA:192,1
DA:196,0
DA:197,0
DA:198,0
DA:206,92
DA:207,1
DA:208,1
DA:210,1
DA:211,1
DA:212,1
DA:213,1
DA:214,1
DA:218,0
DA:219,0
DA:223,92
DA:224,44
DA:226,92
DA:233,3
DA:234,13
DA:235,4
DA:236,3
DA:246,2
DA:252,0
DA:255,9
DA:274,2
DA:289,17
DA:300,10
DA:345,1
DA:346,1
DA:347,1
DA:363,1
DA:364,1
DA:370,51
DA:386,1
DA:387,1
DA:401,0
DA:416,1
DA:427,1
LF:141
LH:104
BRDA:22,0,0,10
BRDA:22,0,1,27
BRDA:23,1,0,10
BRDA:23,1,1,0
BRDA:33,2,0,0
BRDA:33,2,1,27
BRDA:40,3,0,6
BRDA:40,3,1,15
BRDA:44,4,0,15
BRDA:44,4,1,0
BRDA:105,5,0,2
BRDA:105,5,1,8
BRDA:113,6,0,8
BRDA:113,6,1,0
BRDA:126,7,0,2
BRDA:126,7,1,0
BRDA:142,8,0,0
BRDA:142,8,1,0
BRDA:144,9,0,0
BRDA:144,9,1,0
BRDA:163,10,0,0
BRDA:163,10,1,2
BRDA:179,11,0,1
BRDA:179,11,1,1
BRDA:188,12,0,1
BRDA:188,12,1,0
BRDA:193,13,0,1
BRDA:193,13,1,0
BRDA:208,14,0,0
BRDA:208,14,1,1
BRDA:212,15,0,1
BRDA:212,15,1,0
BRDA:239,16,0,92
BRDA:239,16,1,42
BRDA:242,17,0,42
BRDA:242,17,1,5
BRDA:251,18,0,42
BRDA:251,18,1,3
BRDA:260,19,0,42
BRDA:260,19,1,0
BRDA:267,20,0,92
BRDA:267,20,1,25
BRDA:270,21,0,25
BRDA:270,21,1,0
BRDA:292,22,0,9
BRDA:292,22,1,8
BRDA:304,23,0,25
BRDA:304,23,1,10
BRDA:312,24,0,92
BRDA:312,24,1,18
BRDA:312,24,2,17
BRDA:316,25,0,17
BRDA:316,25,1,2
BRDA:356,26,0,17
BRDA:356,26,1,17
BRDA:380,27,0,17
BRDA:380,27,1,15
BRDA:394,28,0,92
BRDA:394,28,1,7
BRDA:397,29,0,7
BRDA:397,29,1,3
BRDA:419,30,0,1
BRDA:419,30,1,0
BRDA:431,31,0,7
BRDA:431,31,1,6
BRF:65
BRH:48
end_of_record
TN:
SF:src\components\ContactBanner\ContactBanner.js
FN:4,ContactBanner
FNF:1
FNH:1
FNDA:5,ContactBanner
DA:5,5
LF:1
LH:1
BRF:0
BRH:0
end_of_record
TN:
SF:src\components\HeroCarrusel\HeroCarrusel.js
FN:9,HeroCarrusel
FN:12,(anonymous_1)
FN:12,(anonymous_2)
FN:13,(anonymous_3)
FN:13,(anonymous_4)
FN:16,(anonymous_5)
FN:17,(anonymous_6)
FN:21,(anonymous_7)
FNF:8
FNH:8
FNDA:8,HeroCarrusel
FNDA:2,(anonymous_1)
FNDA:2,(anonymous_2)
FNDA:1,(anonymous_3)
FNDA:1,(anonymous_4)
FNDA:5,(anonymous_5)
FNDA:1,(anonymous_6)
FNDA:5,(anonymous_7)
DA:7,2
DA:10,8
DA:12,8
DA:13,8
DA:16,8
DA:17,5
DA:18,1
DA:21,5
DA:24,8
LF:9
LH:9
BRF:0
BRH:0
end_of_record
TN:
SF:src\components\Navbar\Navbar.js
FN:4,Navbar
FNF:1
FNH:1
FNDA:9,Navbar
DA:5,9
LF:1
LH:1
BRF:0
BRH:0
end_of_record
TN:
SF:src\components\ProductCard\ProductCard.js
FN:4,ProductCard
FNF:1
FNH:1
FNDA:20,ProductCard
DA:5,20
DA:22,3
LF:2
LH:2
BRDA:8,0,0,20
BRDA:8,0,1,0
BRF:2
BRH:1
end_of_record
TN:
SF:src\components\ProductCarrusel\ProductCarrusel.js
FN:6,ProductCarrusel
FN:12,(anonymous_1)
FN:18,(anonymous_2)
FN:19,(anonymous_3)
FN:37,(anonymous_4)
FN:40,(anonymous_5)
FN:47,(anonymous_6)
FNF:7
FNH:7
FNDA:9,ProductCarrusel
FNDA:2,(anonymous_1)
FNDA:2,(anonymous_2)
FNDA:2,(anonymous_3)
FNDA:1,(anonymous_4)
FNDA:18,(anonymous_5)
FNDA:1,(anonymous_6)
DA:7,9
DA:8,9
DA:9,9
DA:12,9
DA:13,2
DA:15,2
DA:16,2
DA:18,2
DA:19,2
DA:20,2
DA:21,1
DA:22,1
DA:24,1
DA:25,1
DA:28,2
DA:29,2
DA:33,9
DA:37,1
DA:41,18
DA:47,1
DA:53,2
LF:21
LH:21
BRDA:13,0,0,0
BRDA:13,0,1,2
BRDA:20,1,0,1
BRDA:20,1,1,1
BRDA:39,2,0,1
BRDA:39,2,1,8
BRDA:39,3,0,1
BRDA:39,3,1,8
BRF:8
BRH:7
end_of_record
