TN:
SF:src\App.js
FN:9,App
FN:10,(anonymous_1)
FNF:2
FNH:2
FNDA:4,App
FNDA:4,(anonymous_1)
DA:10,4
DA:11,4
DA:37,4
LF:3
LH:3
BRF:0
BRH:0
end_of_record
TN:
SF:src\index.js
FNF:0
FNH:0
DA:6,0
DA:7,0
LF:2
LH:0
BRF:0
BRH:0
end_of_record
TN:
SF:src\Pages\Design\Design.js
FN:3,Diseno
FNF:1
FNH:1
FNDA:1,Diseno
DA:4,1
LF:1
LH:1
BRF:0
BRH:0
end_of_record
TN:
SF:src\Pages\Home\Home.js
FN:8,Home
FN:13,(anonymous_1)
FN:14,(anonymous_2)
FN:20,(anonymous_3)
FN:31,(anonymous_4)
FN:59,(anonymous_5)
FNF:6
FNH:6
FNDA:4,Home
FNDA:3,(anonymous_1)
FNDA:3,(anonymous_2)
FNDA:2,(anonymous_3)
FNDA:1,(anonymous_4)
FNDA:2,(anonymous_5)
DA:9,4
DA:10,4
DA:13,4
DA:14,3
DA:15,3
DA:16,3
DA:17,3
DA:18,1
DA:20,2
DA:30,1
DA:31,1
DA:34,1
DA:36,1
DA:37,1
DA:39,2
DA:43,3
DA:46,4
DA:60,2
LF:18
LH:18
BRDA:20,0,0,1
BRDA:20,0,1,0
BRDA:22,1,0,2
BRDA:22,1,1,0
BRDA:23,2,0,2
BRDA:23,2,1,0
BRDA:24,3,0,2
BRDA:24,3,1,0
BRDA:25,4,0,2
BRDA:25,4,1,0
BRDA:26,5,0,2
BRDA:26,5,1,0
BRDA:27,6,0,2
BRDA:27,6,1,2
BRDA:52,7,0,4
BRDA:52,7,1,1
BRDA:52,7,2,1
BRF:17
BRH:11
end_of_record
TN:
SF:src\Pages\Products\Products.js
FNF:0
FNH:0
LF:0
LH:0
BRF:0
BRH:0
end_of_record
TN:
SF:src\Pages\admin\CatalogoFiguras.js
FN:5,(anonymous_0)
FN:17,(anonymous_1)
FN:21,(anonymous_2)
FN:24,(anonymous_3)
FN:25,(anonymous_4)
FN:29,(anonymous_5)
FN:45,(anonymous_6)
FN:47,(anonymous_7)
FN:51,(anonymous_8)
FN:55,(anonymous_9)
FN:62,(anonymous_10)
FN:83,(anonymous_11)
FN:87,(anonymous_12)
FN:89,(anonymous_13)
FN:92,(anonymous_14)
FN:99,(anonymous_15)
FN:108,(anonymous_16)
FN:112,(anonymous_17)
FN:124,(anonymous_18)
FN:130,(anonymous_19)
FN:152,(anonymous_20)
FN:165,(anonymous_21)
FN:187,(anonymous_22)
FN:194,(anonymous_23)
FN:196,(anonymous_24)
FN:201,(anonymous_25)
FN:207,(anonymous_26)
FN:213,(anonymous_27)
FN:220,(anonymous_28)
FN:220,(anonymous_29)
FN:230,(anonymous_30)
FN:240,(anonymous_31)
FN:241,(anonymous_32)
FN:242,(anonymous_33)
FN:243,(anonymous_34)
FN:253,(anonymous_35)
FN:253,(anonymous_36)
FN:259,(anonymous_37)
FN:259,(anonymous_38)
FN:261,(anonymous_39)
FN:281,(anonymous_40)
FN:295,(anonymous_41)
FN:308,(anonymous_42)
FN:353,(anonymous_43)
FN:356,(anonymous_44)
FN:371,(anonymous_45)
FN:373,(anonymous_46)
FN:378,(anonymous_47)
FN:394,(anonymous_48)
FN:410,(anonymous_49)
FN:424,(anonymous_50)
FN:437,(anonymous_51)
FNF:52
FNH:42
FNDA:92,(anonymous_0)
FNDA:27,(anonymous_1)
FNDA:37,(anonymous_2)
FNDA:0,(anonymous_3)
FNDA:10,(anonymous_4)
FNDA:27,(anonymous_5)
FNDA:0,(anonymous_6)
FNDA:16,(anonymous_7)
FNDA:2,(anonymous_8)
FNDA:10,(anonymous_9)
FNDA:0,(anonymous_10)
FNDA:1,(anonymous_11)
FNDA:7,(anonymous_12)
FNDA:7,(anonymous_13)
FNDA:2,(anonymous_14)
FNDA:0,(anonymous_15)
FNDA:10,(anonymous_16)
FNDA:2,(anonymous_17)
FNDA:0,(anonymous_18)
FNDA:2,(anonymous_19)
FNDA:0,(anonymous_20)
FNDA:2,(anonymous_21)
FNDA:1,(anonymous_22)
FNDA:1,(anonymous_23)
FNDA:1,(anonymous_24)
FNDA:1,(anonymous_25)
FNDA:0,(anonymous_26)
FNDA:1,(anonymous_27)
FNDA:1,(anonymous_28)
FNDA:1,(anonymous_29)
FNDA:44,(anonymous_30)
FNDA:3,(anonymous_31)
FNDA:13,(anonymous_32)
FNDA:4,(anonymous_33)
FNDA:3,(anonymous_34)
FNDA:2,(anonymous_35)
FNDA:2,(anonymous_36)
FNDA:0,(anonymous_37)
FNDA:0,(anonymous_38)
FNDA:9,(anonymous_39)
FNDA:2,(anonymous_40)
FNDA:17,(anonymous_41)
FNDA:10,(anonymous_42)
FNDA:1,(anonymous_43)
FNDA:1,(anonymous_44)
FNDA:1,(anonymous_45)
FNDA:1,(anonymous_46)
FNDA:51,(anonymous_47)
FNDA:1,(anonymous_48)
FNDA:0,(anonymous_49)
FNDA:1,(anonymous_50)
FNDA:1,(anonymous_51)
DA:5,2
DA:6,92
DA:7,92
DA:8,92
DA:9,92
DA:10,92
DA:11,92
DA:12,92
DA:13,92
DA:15,92
DA:17,92
DA:18,27
DA:21,92
DA:22,37
DA:23,10
DA:24,10
DA:25,10
DA:29,92
DA:30,27
DA:31,0
DA:32,0
DA:33,0
DA:35,27
DA:36,27
DA:37,21
DA:38,6
DA:39,0
DA:40,0
DA:42,15
DA:43,15
DA:44,15
DA:45,0
DA:46,15
DA:47,16
DA:50,15
DA:51,2
DA:54,10
DA:55,10
DA:56,10
DA:57,10
DA:62,92
DA:63,0
DA:64,0
DA:65,0
DA:66,0
DA:67,0
DA:69,0
DA:74,0
DA:75,0
DA:78,92
DA:83,92
DA:84,1
DA:87,92
DA:88,7
DA:89,7
DA:92,92
DA:93,2
DA:94,2
DA:95,2
DA:96,2
DA:99,92
DA:100,0
DA:105,0
DA:108,92
DA:109,10
DA:110,10
DA:111,10
DA:112,2
DA:113,2
DA:115,2
DA:117,8
DA:118,8
DA:119,8
DA:120,8
DA:121,8
DA:123,0
DA:124,0
DA:125,0
DA:130,92
DA:131,2
DA:132,2
DA:134,0
DA:135,0
DA:136,0
DA:143,0
DA:149,0
DA:150,0
DA:151,0
DA:152,0
DA:154,0
DA:155,0
DA:157,0
DA:160,0
DA:161,0
DA:165,92
DA:166,2
DA:168,2
DA:169,2
DA:170,2
DA:171,0
DA:174,2
DA:180,2
DA:186,2
DA:187,1
DA:188,1
DA:190,1
DA:194,1
DA:195,1
DA:196,1
DA:197,1
DA:200,1
DA:201,1
DA:202,1
DA:203,1
DA:206,0
DA:207,0
DA:208,0
DA:213,92
DA:214,1
DA:215,1
DA:217,1
DA:218,1
DA:219,1
DA:220,1
DA:221,1
DA:224,0
DA:225,0
DA:229,92
DA:230,44
DA:233,92
DA:240,3
DA:241,13
DA:242,4
DA:243,3
DA:253,2
DA:259,0
DA:262,9
DA:281,2
DA:296,17
DA:308,10
DA:354,1
DA:355,1
DA:356,1
DA:372,1
DA:373,1
DA:379,51
DA:395,1
DA:396,1
DA:410,0
DA:425,1
DA:437,1
LF:151
LH:111
BRDA:22,0,0,10
BRDA:22,0,1,27
BRDA:23,1,0,10
BRDA:23,1,1,0
BRDA:30,2,0,0
BRDA:30,2,1,27
BRDA:37,3,0,6
BRDA:37,3,1,15
BRDA:44,4,0,0
BRDA:44,4,1,15
BRDA:44,5,0,15
BRDA:44,5,1,15
BRDA:45,6,0,0
BRDA:45,6,1,0
BRDA:46,7,0,15
BRDA:46,7,1,0
BRDA:46,8,0,15
BRDA:46,8,1,15
BRDA:111,9,0,2
BRDA:111,9,1,8
BRDA:119,10,0,8
BRDA:119,10,1,0
BRDA:132,11,0,2
BRDA:132,11,1,0
BRDA:149,12,0,0
BRDA:149,12,1,0
BRDA:151,13,0,0
BRDA:151,13,1,0
BRDA:170,14,0,0
BRDA:170,14,1,2
BRDA:186,15,0,1
BRDA:186,15,1,1
BRDA:204,16,0,1
BRDA:204,16,1,0
BRDA:215,17,0,0
BRDA:215,17,1,1
BRDA:219,18,0,1
BRDA:219,18,1,0
BRDA:230,19,0,44
BRDA:230,19,1,44
BRDA:230,19,2,44
BRDA:246,20,0,92
BRDA:246,20,1,42
BRDA:249,21,0,42
BRDA:249,21,1,5
BRDA:258,22,0,42
BRDA:258,22,1,3
BRDA:267,23,0,42
BRDA:267,23,1,0
BRDA:274,24,0,92
BRDA:274,24,1,25
BRDA:277,25,0,25
BRDA:277,25,1,0
BRDA:296,26,0,17
BRDA:296,26,1,0
BRDA:296,27,0,17
BRDA:296,27,1,17
BRDA:300,28,0,9
BRDA:300,28,1,8
BRDA:313,29,0,25
BRDA:313,29,1,10
BRDA:321,30,0,92
BRDA:321,30,1,18
BRDA:321,30,2,17
BRDA:325,31,0,17
BRDA:325,31,1,2
BRDA:365,32,0,17
BRDA:365,32,1,17
BRDA:389,33,0,17
BRDA:389,33,1,15
BRDA:403,34,0,92
BRDA:403,34,1,7
BRDA:406,35,0,7
BRDA:406,35,1,3
BRDA:425,36,0,1
BRDA:425,36,1,0
BRDA:425,37,0,1
BRDA:425,37,1,1
BRDA:429,38,0,1
BRDA:429,38,1,0
BRDA:442,39,0,7
BRDA:442,39,1,6
BRF:82
BRH:61
end_of_record
TN:
SF:src\components\ContactBanner\ContactBanner.js
FN:4,ContactBanner
FNF:1
FNH:1
FNDA:5,ContactBanner
DA:5,5
LF:1
LH:1
BRF:0
BRH:0
end_of_record
TN:
SF:src\components\HeroCarrusel\HeroCarrusel.js
FN:9,HeroCarrusel
FN:12,(anonymous_1)
FN:12,(anonymous_2)
FN:13,(anonymous_3)
FN:13,(anonymous_4)
FN:16,(anonymous_5)
FN:17,(anonymous_6)
FN:21,(anonymous_7)
FNF:8
FNH:8
FNDA:8,HeroCarrusel
FNDA:2,(anonymous_1)
FNDA:2,(anonymous_2)
FNDA:1,(anonymous_3)
FNDA:1,(anonymous_4)
FNDA:5,(anonymous_5)
FNDA:1,(anonymous_6)
FNDA:5,(anonymous_7)
DA:7,2
DA:10,8
DA:12,8
DA:13,8
DA:16,8
DA:17,5
DA:18,1
DA:21,5
DA:24,8
LF:9
LH:9
BRF:0
BRH:0
end_of_record
TN:
SF:src\components\Navbar\Navbar.js
FN:4,Navbar
FNF:1
FNH:1
FNDA:9,Navbar
DA:5,9
LF:1
LH:1
BRF:0
BRH:0
end_of_record
TN:
SF:src\components\ProductCard\ProductCard.js
FN:4,ProductCard
FNF:1
FNH:1
FNDA:20,ProductCard
DA:5,20
DA:22,3
LF:2
LH:2
BRDA:8,0,0,20
BRDA:8,0,1,0
BRF:2
BRH:1
end_of_record
TN:
SF:src\components\ProductCarrusel\ProductCarrusel.js
FN:6,ProductCarrusel
FN:12,(anonymous_1)
FN:16,(anonymous_2)
FN:22,(anonymous_3)
FN:23,(anonymous_4)
FN:41,(anonymous_5)
FN:44,(anonymous_6)
FN:51,(anonymous_7)
FNF:8
FNH:8
FNDA:11,ProductCarrusel
FNDA:5,(anonymous_1)
FNDA:2,(anonymous_2)
FNDA:2,(anonymous_3)
FNDA:2,(anonymous_4)
FNDA:1,(anonymous_5)
FNDA:22,(anonymous_6)
FNDA:1,(anonymous_7)
DA:7,11
DA:8,11
DA:9,11
DA:12,11
DA:13,5
DA:16,11
DA:17,2
DA:19,2
DA:20,2
DA:22,2
DA:23,2
DA:24,2
DA:25,1
DA:26,1
DA:28,1
DA:29,1
DA:32,2
DA:33,2
DA:37,11
DA:41,1
DA:45,22
DA:51,1
DA:57,2
LF:23
LH:23
BRDA:17,0,0,0
BRDA:17,0,1,2
BRDA:24,1,0,1
BRDA:24,1,1,1
BRDA:43,2,0,2
BRDA:43,2,1,9
BRDA:43,3,0,2
BRDA:43,3,1,9
BRF:8
BRH:7
end_of_record
